cmd: ./build/ecs_benchmarks --benchmark_filter=BM_ECS_LinearScan/1048576$ --benchmark_min_time=0.1s
events: Ir
fl=./csu/../csu/libc-start.c
fn=__libc_start_main@@GLIBC_2.34
128 2
134 3
135 7
138 1
139 2
142 3
143 2
144 16
145 8
242 13
311 3
312 3
337 6
340 2
343 2
350 2
352 2
360 4
fl=./csu/../sysdeps/nptl/libc_start_call_main.h
fn=(below main)
29 9
44 3
46 2
51 2
52 2
55 2
58 6
74 2
fl=./csu/./csu/errno-loc.c
fn=__errno_location
25 17
26 34
27 17
fl=./csu/./csu/init-first.c
fn=_init_first
46 6
51 2
55 5
61 1
62 1
63 2
71 2
72 3
fl=./ctype/./ctype/ctype-info.c
fn=__ctype_init
29 1
31 7
33 4
35 4
36 1
fl=./ctype/./ctype/ctype.c
fn=toupper
52 702
53 2808
54 351
fl=./debug/../sysdeps/x86_64/multiarch/ifunc-memmove.h
fn=__memcpy_chk
56 2
57 3
60 3
61 2
74 2
77 2
85 2
93 2
96 5
fn=__memmove_chk
56 2
57 3
60 3
61 2
74 2
77 2
85 2
93 2
96 5
fn=__mempcpy_chk
56 2
57 3
60 3
61 2
74 2
77 2
85 2
93 2
96 5
fl=./debug/../sysdeps/x86_64/multiarch/ifunc-memset.h
fn=__memset_chk
54 5
57 3
58 2
64 2
73 2
75 2
85 2
93 2
96 5
fl=./debug/../sysdeps/x86_64/multiarch/memcpy_chk.c
fn=__memcpy_chk
29 1
fl=./debug/../sysdeps/x86_64/multiarch/memmove_chk.c
fn=__memmove_chk
29 1
fl=./debug/../sysdeps/x86_64/multiarch/mempcpy_chk.c
fn=__mempcpy_chk
29 1
fl=./debug/../sysdeps/x86_64/multiarch/memset_chk.c
fn=__memset_chk
29 1
fl=./debug/./debug/snprintf_chk.c
fn=__snprintf_chk
27 12
28 2
33 3
37 6
38 3
42 5
fl=./debug/./debug/strncat_chk.c
fn=__strncat_chk
25 8
32 80
34 39
36 40
41 1
43 2
45 3
48 4
50 2
51 2
52 4
54 4
56 2
57 2
58 4
60 4
62 2
63 2
64 4
66 4
68 2
69 2
70 2
72 2
95 2
fl=./debug/./debug/vsnprintf_chk.c
fn=__vsnprintf_chk
26 23
27 92
32 92
34 46
fl=./elf/../bits/stdlib-bsearch.h
fn=intel_check_word.constprop.0
27 96
28 48
29 744
31 648
32 348
35 264
37 120
fl=./elf/../elf/dl-tls.c
fn=_dl_add_to_slotinfo
1017 27
1023 3
1026 3
1027 3
1031 9
1065 6
1068 6
1069 9
1072 18
fn=_dl_allocate_tls_init
523 11
524 2
528 2
531 1
534 2
537 3
549 1
554 27
560 9
563 9
564 6
570 9
571 6
573 24
576 6
577 6
580 6
581 12
583 6
584 6
593 3
601 6
603 30
609 3
615 2
618 2
621 9
fn=_dl_allocate_tls_storage
365 1
369 1
370 1
371 2
374 1
380 2
417 7
419 1
430 1
431 1
432 2
440 6
441 1
445 305
464 1
470 7
fn=_dl_assign_tls_modid
125 12
128 6
141 3
181 3
183 3
186 3
187 6
fn=_dl_count_modids
192 1
194 2
195 1
210 2
fn=_dl_determine_tlsoffset
216 9
217 1
218 1
219 1
222 4
225 2
259 1
261 25
263 9
265 9
266 6
268 6
270 15
281 3
286 24
288 6
289 3
294 3
301 1
302 7
304 2
354 1
355 8
fn=_dl_tls_static_surplus_init
83 3
97 8
100 6
101 5
102 3
104 4
107 1
109 1
111 3
112 6
fl=./elf/../include/list.h
fn=__tls_init_tp
43 2
44 2
45 1
47 1
fl=./elf/../include/rtld-malloc.h
fn=__minimal_calloc
56 19
fn=_dl_allocate_tls_storage
44 2
56 1
fn=_dl_check_map_versions
44 21
fn=_dl_find_object_init
56 2
fn=_dl_important_hwcaps
56 4
fn=_dl_init_paths
56 5
fn=_dl_map_object_deps
56 14
fn=_dl_new_object
44 21
56 18
fn=do_lookup_x
44 13
fn=fillin_rpath.isra.0
50 2
51 1
56 2
fn=init_tls
44 2
fl=./elf/../include/scratch_buffer.h
fn=_dl_map_object_deps
77 2
78 1
85 3
131 24
fl=./elf/../misc/sbrk.c
fn=sbrk
37 6
40 1
58 2
62 2
78 5
fl=./elf/../nptl/nptl-stack.h
fn=__libc_early_init
61 8
fl=./elf/../sysdeps/generic/_itoa.h
fn=_dl_check_map_versions
76 48
fl=./elf/../sysdeps/generic/dl-cache.h
fn=_dl_load_cache_lookup
125 5
194 1
195 5
fl=./elf/../sysdeps/generic/dl-call_tls_init_tp.h
fn=init_tls
31 8
33 1
fl=./elf/../sysdeps/generic/dl-debug.h
fn=dl_main
29 4
30 1
fl=./elf/../sysdeps/generic/dl-hash.h
fn=__rtld_malloc_init_real
43 1
44 1
45 19
48 18
62 24
67 1
72 1
fl=./elf/../sysdeps/generic/dl-new-hash.h
fn=_dl_lookup_symbol_x
69 2211
70 4422
74 48050
77 96100
80 46956
81 93912
87 1117
88 1117
89 2234
90 1117
99 45839
101 45839
102 91678
104 45839
105 45839
fl=./elf/../sysdeps/generic/dl-protected.h
fn=do_lookup_x
29 8768
fl=./elf/../sysdeps/generic/ldsodefs.h
fn=_dl_relocate_object
79 70
140 11235
fn=_dl_start
79 6
fn=do_lookup_x
139 4384
140 6576
fl=./elf/../sysdeps/nptl/dl-mutex.c
fn=__rtld_mutex_init
30 7
37 1
40 7
44 2
45 9
47 6
51 2
52 7
53 6
fl=./elf/../sysdeps/nptl/dl-tls_init_tp.c
fn=__tls_init_tp
68 5
69 1
72 1
75 4
76 2
77 1
82 2
87 4
90 1
93 3
105 4
121 3
128 2
129 3
fn=__tls_pre_init_tp
53 3
56 10
61 2
62 1
64 1
fn=rtld_mutex_dummy
42 182
44 364
fl=./elf/../sysdeps/nptl/pthread_early_init.h
fn=__libc_early_init
33 6
34 1
38 5
45 2
46 1
48 2
52 5
53 1
54 1
56 1
fl=./elf/../sysdeps/posix/dl-fileid.h
fn=_dl_map_object_from_fd
37 24
40 24
49 84
fl=./elf/../sysdeps/unix/sysv/linux/brk.c
fn=brk
36 1
37 1
38 2
44 1
45 1
fl=./elf/../sysdeps/unix/sysv/linux/brk_call.h
fn=brk
24 2
fl=./elf/../sysdeps/unix/sysv/linux/dl-osinfo.h
fn=dl_main
39 2
52 1
fl=./elf/../sysdeps/unix/sysv/linux/dl-parse_auxv.h
fn=_dl_sysdep_parse_arguments
32 2
33 1
34 1
41 93
42 44
43 44
45 1
46 2
47 2
48 2
49 1
51 2
52 2
53 2
54 2
56 2
fl=./elf/../sysdeps/unix/sysv/linux/dl-sysdep.c
fn=_dl_sysdep_parse_arguments
78 7
79 2
80 2
81 3
82 91
83 185
86 2
90 56
93 5
94 2
95 3
96 6
fn=_dl_sysdep_start
102 6
103 1
106 2
110 2
113 1
115 2
122 3
123 2
125 5
137 3
140 5
143 4
fn=_dl_sysdep_start_cleanup
147 1
148 1
fl=./elf/../sysdeps/unix/sysv/linux/dl-vdso-setup.h
fn=dl_main
30 1
33 1
36 1
39 1
45 1
fl=./elf/../sysdeps/unix/sysv/linux/dl-vdso.h
fn=dl_main
40 2
41 5
55 2
fl=./elf/../sysdeps/unix/sysv/linux/rseq-internal.h
fn=__tls_init_tp
32 3
34 7
37 2
40 1
fl=./elf/../sysdeps/unix/sysv/linux/x86/dl-hwcap2.h
fn=update_active.constprop.0
25 2
fl=./elf/../sysdeps/unix/sysv/linux/x86/dl-minsigstacksize.h
fn=get_common_indices.constprop.0
24 2
27 2
28 2
65 3
72 1
74 1
fl=./elf/../sysdeps/x86/cpu-features.c
fn=get_common_indices.constprop.0
398 3
402 4
405 5
409 1
410 4
411 4
412 4
413 3
414 2
421 2
423 9
428 8
435 2
436 7
442 2
457 3
fn=init_cpu_features.constprop.0
376 3
377 2
378 6
383 2
384 6
389 2
390 7
682 8
685 1
686 1
687 1
690 1
699 3
702 6
703 1
706 2
708 6
713 1
715 3
717 9
721 7
774 3
781 2
799 1
832 2
866 4
869 2
870 1
878 2
885 2
887 2
891 2
897 2
899 1
1001 3
1002 2
1005 2
1006 2
1012 1
1013 1
1014 1
1015 2
1019 4
1022 4
1028 3
1041 2
1042 4
1081 1
1082 2
1086 3
1103 2
1104 2
1106 3
1107 2
1109 3
1110 2
1113 2
1127 4
1129 4
1135 4
1142 8
fn=update_active.constprop.0
72 8
76 1
84 3
85 3
86 1
94 4
95 1
103 4
104 1
109 4
112 4
113 1
116 5
117 2
121 5
122 3
123 3
124 2
128 5
129 5
130 3
132 2
133 4
147 2
151 7
152 4
154 3
158 4
161 1
164 2
166 2
170 1
171 1
178 4
180 5
186 4
188 5
190 4
195 5
244 3
245 3
261 4
277 2
281 2
282 1
285 4
289 2
293 3
294 2
296 1
297 1
300 2
302 1
305 2
356 5
360 3
369 1
370 8
fl=./elf/../sysdeps/x86/dl-cacheinfo.h
fn=get_common_cache_info.constprop.0
571 11
586 1
587 1
588 2
589 1
590 2
596 3
598 7
601 2
613 1
618 3
622 2
627 5
630 24
637 8
640 26
645 2
649 3
650 2
654 2
658 3
661 4
662 1
667 4
673 4
681 6
683 2
685 4
687 12
689 1
690 1
691 9
693 4
696 7
701 1
703 4
704 3
705 1
708 2
711 2
718 1
720 4
721 1
726 2
731 2
732 1
733 2
734 1
759 3
770 5
771 5
775 2
782 1
783 2
784 1
785 7
fn=handle_intel.constprop.0
250 108
255 24
261 12
262 12
267 48
271 24
276 24
279 60
281 24
284 60
286 24
305 96
fn=init_cpu_features.constprop.0
792 1
793 1
795 1
809 2
811 3
812 3
813 3
814 2
817 3
819 3
820 2
822 3
824 3
825 1
827 3
829 3
830 2
832 3
834 3
836 3
838 5
894 2
895 2
896 2
897 2
898 2
899 2
900 1
901 1
902 1
903 1
904 1
905 1
907 1
910 3
924 3
925 7
930 2
931 6
932 2
939 3
959 6
968 2
969 2
974 12
987 5
995 7
997 2
1000 5
1002 2
1005 5
1006 5
1010 6
1011 3
1017 7
1020 11
1021 10
1022 13
1025 10
1027 10
1040 4
1042 2
1043 2
1044 1
1045 1
1046 1
1047 1
fn=intel_check_word.constprop.0
110 648
113 324
119 216
123 48
125 12
129 120
131 144
133 60
135 120
143 120
152 12
155 138
158 99
162 58
164 189
167 120
168 72
169 60
170 48
172 11
174 22
176 12
177 16
178 12
179 20
180 14
181 12
183 8
184 12
187 21
190 2
194 192
202 168
216 48
246 144
fl=./elf/../sysdeps/x86/dl-get-cpu-features.c
fn=__x86_cpu_features
39 3
71 3
fn=_dl_x86_init_cpu_features
37 1
39 3
41 1
fl=./elf/../sysdeps/x86/dl-isa-level.h
fn=_dl_load_cache_lookup
28 30
fl=./elf/../sysdeps/x86/dl-procinfo.h
fn=_dl_load_cache_lookup
39 10
42 35
fl=./elf/../sysdeps/x86/dl-prop.h
fn=_dl_map_object_from_fd
149 24
fn=_dl_process_pt_gnu_property
95 40
102 20
115 20
118 10
252 6
253 3
254 14
255 7
257 40
258 4
260 10
fn=dl_main
36 2
37 27
40 11
49 46
53 38
71 2
149 4
235 4
236 2
fl=./elf/../sysdeps/x86/get-isa-level.h
fn=_dl_hwcaps_subdirs_active
30 4
31 1
32 3
36 3
39 4
40 4
45 4
48 2
51 5
53 4
54 2
55 2
58 4
fn=update_active.constprop.0
28 1
30 4
31 1
32 3
36 3
38 1
39 2
40 4
45 4
47 1
48 2
51 5
53 4
54 2
55 2
57 1
58 4
fl=./elf/../sysdeps/x86_64/dl-cet.c
fn=_dl_cet_check
145 2
157 2
173 1
179 1
275 2
276 1
277 2
282 4
283 3
285 2
293 5
296 1
300 2
301 1
302 2
303 2
304 2
305 2
308 1
310 1
313 2
361 8
363 6
fn=_dl_cet_setup_features
331 1
334 2
350 1
fl=./elf/../sysdeps/x86_64/dl-hwcaps-subdirs.c
fn=_dl_hwcaps_subdirs_active
29 1
38 3
43 1
48 1
52 1
fl=./elf/../sysdeps/x86_64/dl-irel.h
fn=_dl_fixup
32 5
fl=./elf/../sysdeps/x86_64/dl-machine.h
fn=_dl_fixup
234 115
fn=_dl_relocate_object
81 32
87 8
91 6
97 2
108 6
129 4
132 4
134 8
267 7524
274 7524
278 7524
287 30460
290 7537
291 136
292 14972
295 26
296 39
307 26
314 65
317 22572
320 194
323 194
346 8
347 12
352 6
354 4
363 4
393 40
400 51
402 68
406 51
415 34
423 10329
436 7
460 3
464 4
465 4
466 5
467 2
476 136
478 68
479 68
498 3720
499 1240
503 2480
504 2480
514 2224
518 2224
521 3336
522 1112
730 16
734 10
fn=_dl_start
55 1
278 9
287 27
290 6
291 12
317 8
323 2
fn=_dl_sysdep_start
220 1
fl=./elf/../sysdeps/x86_64/dl-runtime.h
fn=_dl_fixup
28 115
fl=./elf/../sysdeps/x86_64/dl-trampoline.h
fn=_dl_runtime_resolve_xsave
71 115
76 115
79 115
81 115
91 115
97 115
98 115
99 115
100 115
101 115
102 115
103 115
107 115
108 115
111 115
112 115
114 115
115 115
116 115
117 115
118 115
119 115
121 115
128 115
129 115
130 115
131 115
136 115
137 115
138 115
140 115
141 115
142 115
143 115
144 115
145 115
146 115
148 115
150 115
154 115
156 115
fl=./elf/../sysdeps/x86_64/tls_get_addr.S
fn=__tls_get_addr
29 71
30 71
31 71
33 71
34 71
35 71
38 71
39 71
43 71
44 71
45 71
46 71
fl=./elf/./dl-find_object.h
fn=_dl_find_object_from_map
95 16
96 16
97 8
103 40
104 229
105 158
107 24
112 8
fl=./elf/./dl-hwcaps.h
fn=_dl_important_hwcaps
43 9
45 7
46 1
77 8
78 8
79 7
fl=./elf/./dl-load.h
fn=_dl_map_object_from_fd
91 48
92 20
93 25
94 20
96 20
fl=./elf/./dl-main.h
fn=dl_main
109 5
fl=./elf/./dl-map-segments.h
fn=_dl_map_object_from_fd
28 18
29 54
81 6
101 6
102 18
105 18
106 12
108 12
125 6
135 144
137 72
139 180
149 96
155 12
156 6
157 18
158 12
160 12
165 12
168 18
176 42
182 12
186 16
189 4
194 24
fl=./elf/./dl-sym-post.h
fn=lookup_malloc_symbol
41 8
53 12
fl=./elf/./dl-tunable-types.h
fn=__GI___tunable_set_val
84 5
fl=./elf/./elf/dl-audit.c
fn=_dl_audit_activity_map
29 7
30 1
31 3
37 6
fn=_dl_audit_activity_nsid
41 3
45 12
46 3
47 15
fn=_dl_audit_objclose
97 8
98 32
fn=_dl_audit_objopen
77 6
78 24
fn=_dl_audit_preinit
118 1
119 4
fl=./elf/./elf/dl-cache.c
fn=_dl_cache_libcmp
357 94
358 575
360 777
362 273
368 28
369 21
370 238
372 238
374 14
380 504
382 504
383 126
386 210
387 210
390 62
fn=_dl_load_cache_lookup
191 84
205 5
208 40
210 50
211 10
213 25
220 99
222 260
223 84
227 126
231 126
232 84
240 20
242 10
245 10
247 30
249 5
259 10
269 15
270 20
286 35
295 10
298 10
301 5
302 15
330 10
346 37
347 17
349 20
403 50
405 10
408 15
411 5
419 5
420 8
423 6
424 1
431 1
432 2
477 12
482 15
485 15
500 10
512 15
513 75
514 20
515 5
516 40
fn=_dl_unload_cache
525 3
526 4
528 2
529 1
533 1
535 2
fl=./elf/./elf/dl-call-libc-early-init.c
fn=_dl_call_libc_early_init
27 7
29 2
33 5
37 2
39 4
40 2
41 3
fl=./elf/./elf/dl-call_fini.c
fn=_dl_call_fini
24 64
28 16
32 8
34 8
35 16
38 12
39 18
42 52
43 7
47 8
48 16
49 18
50 42
fl=./elf/./elf/dl-catch.c
fn=_dl_catch_error
254 12
256 2
257 2
258 2
259 2
261 6
fn=_dl_catch_exception
58 54
59 36
69 36
70 90
204 144
207 36
214 18
228 18
229 36
235 108
237 54
239 72
248 54
fn=_dl_receive_error
58 2
59 1
69 2
70 2
186 7
188 1
192 1
194 1
197 1
198 4
fl=./elf/./elf/dl-debug.c
fn=_dl_debug_initialize
56 3
57 1
59 2
61 2
63 3
64 1
85 3
90 3
91 2
92 1
95 3
96 6
99 2
107 2
fn=_dl_debug_state
116 2
117 2
fn=_dl_debug_update
38 7
40 14
41 7
44 14
48 7
fl=./elf/./elf/dl-deps.c
fn=_dl_map_object_deps
128 3
129 5
130 6
132 3
136 8
143 13
144 20
160 9
161 1
164 1
182 1
183 6
184 1
188 17
190 32
193 8
197 24
198 53
201 24
205 12
208 24
210 24
215 6
216 6
217 12
218 12
219 6
221 758
222 358
228 158
230 17
232 68
233 34
242 17
244 34
249 42
252 6
253 6
254 6
255 12
256 6
257 6
259 24
263 51
264 39
266 486
417 16
419 30
422 12
423 24
429 6
430 30
431 30
434 6
435 12
439 24
441 8
442 37
448 5
449 1
452 4
463 5
465 4
470 5
471 1
472 2
474 28
478 8
483 16
485 24
490 8
494 2
495 3
532 2
533 2
547 9
552 9
553 5
557 1
559 2
560 1
561 3
568 3
571 2
574 8
fn=openaux
61 102
64 187
65 17
68 17
69 51
fl=./elf/./elf/dl-environ.c
fn=_dl_next_ld_env_entry
28 3
29 3
32 277
34 182
35 24
37 2
40 4
42 2
45 89
fl=./elf/./elf/dl-find_object.c
fn=_dl_find_object_init
561 5
564 1
566 2
567 3
579 2
580 3
582 2
585 2
590 1
591 1
594 3
596 2
599 6
601 1
604 4
fn=_dlfo_process_initial
474 8
475 2
477 2
478 4
504 24
505 38
506 16
508 60
511 56
513 42
515 14
516 14
517 28
529 2
531 8
fn=_dlfo_sort_mappings
536 1
537 2
540 28
544 12
545 93
546 105
548 6
549 6
553 24
554 30
555 12
557 1
fl=./elf/./elf/dl-fini.c
fn=_dl_fini
26 11
43 1
46 13
49 2
51 1
54 2
56 5
61 1
63 4
68 18
73 28
75 16
77 16
79 16
80 8
81 8
85 8
87 6
88 6
94 6
103 2
108 46
110 8
112 16
114 32
117 16
122 8
126 5
132 6
134 1
138 2
145 8
fl=./elf/./elf/dl-hwcaps.c
fn=_dl_important_hwcaps
52 16
54 2
55 4
56 2
57 2
77 16
80 16
84 2
86 6
87 2
88 2
100 5
102 3
105 1
108 1
112 5
125 12
127 10
128 4
129 4
130 2
133 3
142 13
143 11
145 8
151 5
155 4
156 3
157 3
161 1
162 2
163 2
172 14
174 2
175 3
185 2
186 3
189 3
193 2
194 2
201 1
202 5
208 2
209 1
213 3
216 9
fl=./elf/./elf/dl-hwcaps_split.c
fn=_dl_hwcaps_split
25 5
26 3
27 1
47 4
fn=_dl_hwcaps_split_masked
26 44
30 24
34 78
35 12
36 24
41 36
42 18
43 12
45 6
51 110
55 5
56 18
57 27
58 24
60 6
62 88
67 12
fl=./elf/./elf/dl-init.c
fn=_dl_init
29 18
35 45
37 46
81 13
82 1
83 1
86 3
89 2
94 4
119 1
120 36
121 16
127 8
fn=call_init.part.0
26 96
43 24
46 24
47 2
51 14
59 21
60 30
63 7
64 14
70 18
72 12
73 130
74 100
76 64
fl=./elf/./elf/dl-load.c
fn=_dl_dst_count
238 153
241 34
244 34
245 17
264 153
fn=_dl_init_paths
706 13
720 4
725 1
727 3
734 3
735 2
739 4
741 4
747 1
748 1
756 8
758 8
759 4
761 5
762 7
763 4
766 13
767 10
768 18
770 32
776 1
777 1
782 1
785 3
787 4
789 3
806 1
808 3
822 2
825 5
827 23
831 2
832 60
833 14
834 28
836 1
837 1
838 2
844 6
847 3
853 1
857 8
fn=_dl_map_object
682 53
685 4
688 6
691 2
692 1
696 25
1967 216
1969 6
1975 36
1976 72
1979 426
1984 616
1986 440
1990 152
1991 228
1994 225
1995 135
1996 225
2010 24
2011 18
2019 18
2034 6
2036 30
2040 20
2042 10
2049 20
2053 5
2054 5
2058 18
2059 6
2073 25
2074 35
2075 5
2084 10
2099 10
2100 80
2106 15
2107 5
2115 5
2129 10
2131 15
2135 15
2137 10
2141 10
2149 10
2172 45
2176 15
2177 5
2194 10
2200 1
2201 4
2202 2
2203 2
2207 9
2210 3
2222 24
2267 12
2268 106
2270 168
fn=_dl_map_object_from_fd
944 84
959 24
989 123
990 54
1008 12
1036 24
1046 12
1053 48
1054 12
1065 12
1066 18
1067 12
1069 18
1070 24
1071 10
1074 17
1075 6
1086 6
1088 6
1090 132
1091 6
1092 6
1093 6
1094 6
1100 249
1101 603
1107 12
1114 15
1115 18
1116 60
1121 2
1122 1
1127 186
1135 120
1136 156
1137 120
1138 24
1139 48
1141 168
1143 48
1156 48
1157 90
1162 24
1163 246
1176 9
1180 12
1181 3
1185 15
1186 6
1189 3
1194 12
1209 12
1210 6
1213 18
1218 42
1228 114
1229 48
1235 12
1245 24
1252 42
1264 6
1268 24
1269 18
1275 16
1276 12
1278 12
1288 18
1307 18
1309 36
1361 18
1362 6
1368 202
1369 331
1375 95
1380 24
1393 12
1395 24
1397 12
1413 12
1417 12
1418 12
1435 12
1436 1
1439 12
1444 12
1449 12
1461 48
1462 15
1463 36
1464 12
1465 5
1471 12
1472 12
1477 6
1484 18
1487 12
1491 18
1492 18
1510 12
1514 42
1515 24
1519 54
fn=_dl_process_pt_gnu_property
868 21
869 14
870 7
876 14
882 35
885 21
886 14
887 14
890 21
891 21
895 7
896 14
900 20
901 10
904 20
907 10
908 40
918 21
920 28
fn=expand_dynamic_string_token
241 6
244 4
385 20
399 4
410 14
fn=fillin_rpath.isra.0
468 17
472 1
474 12
481 2
483 6
487 2
492 3
493 2
500 5
505 2
509 15
510 8
528 4
532 4
534 2
538 1
539 2
540 4
541 1
543 2
549 4
550 14
551 4
553 2
554 3
555 1
561 2
562 1
565 3
571 1
574 8
fn=open_path
1812 55
1813 10
1816 5
1817 5
1819 10
1822 10
1824 110
1827 10
1831 5
1835 30
1842 30
1843 110
1846 30
1851 77
1854 14
1860 21
1863 56
1865 21
1867 6
1872 6
1873 21
1879 9
1881 28
1882 2
1884 3
1891 46
1893 16
1937 40
1941 5
1943 20
1946 15
1960 45
fn=open_verify.constprop.0
1572 156
1604 39
1609 14
1623 65
1625 26
1633 6
1634 18
1639 36
1641 12
1643 12
1645 12
1651 12
1668 87
1749 12
1754 12
1760 24
1766 12
1772 24
1773 24
1777 16
1778 5
1799 117
fl=./elf/./elf/dl-lookup-direct.c
fn=_dl_lookup_direct
32 15
33 9
35 6
36 6
48 9
51 6
53 21
57 9
58 21
59 15
74 39
76 6
78 21
79 6
81 12
84 25
86 12
93 6
115 3
116 27
fl=./elf/./elf/dl-lookup.c
fn=_dl_lookup_symbol_x
772 28743
774 4422
775 8844
778 2211
782 8600
785 4422
787 4422
791 31049
792 37587
797 11055
799 114
816 2211
817 57
820 4422
821 15328
828 2268
856 8768
870 6576
871 2
873 4384
890 8768
892 19899
fn=check_match
70 33090
73 17648
78 30
86 11000
89 6152
93 2200
94 4400
96 4194
115 4194
116 16776
117 10440
118 18
119 18
144 206
146 618
147 412
150 2
151 7
153 3
161 2191
162 17648
fn=do_lookup_x
170 300
171 307
172 940
174 98
175 294
176 530
179 152
180 152
181 82
182 152
183 70
222 498
224 747
226 166
227 83
228 332
230 2721
231 492
234 354
235 183
237 6
247 1
248 1
250 3
251 1
254 352
257 95
258 285
259 322
262 1377
269 12
272 4
279 298
280 276
281 350
285 20
286 2
287 2
288 4
289 8
300 3
302 2
305 1
306 1
307 2
310 164
311 492
318 328
329 574
331 164
333 246
334 164
347 30954
348 2211
353 2211
354 2211
358 18514
361 18514
365 22942
386 18512
390 18512
396 27768
400 9256
401 9256
404 46280
405 27768
408 9256
409 18512
411 9256
412 6633
413 18512
415 15477
416 37024
419 64792
422 4714
423 7071
424 4714
426 4638
429 28280
431 6618
432 56393
433 4412
436 6618
439 10425
461 17528
470 1025
472 2
476 4384
483 12082
487 3966
491 1
499 4218
500 2109
501 2192
518 21195
521 19
522 17688
fl=./elf/./elf/dl-minimal-malloc.c
fn=__minimal_calloc
80 95
84 19
87 19
88 57
fn=__minimal_free
97 3
99 12
fn=__minimal_malloc
36 376
37 141
42 3
43 2
44 2
48 187
51 317
56 12
57 12
59 3
60 24
62 6
64 12
65 9
67 8
70 48
71 51
73 282
fl=./elf/./elf/dl-minimal.c
fn=__rtld_malloc_init_real
76 10
86 2
87 1
89 1
91 6
92 5
93 5
94 4
99 1
100 1
101 1
102 1
103 8
fn=__rtld_malloc_init_stubs
42 1
43 2
44 2
45 2
46 2
47 1
fn=lookup_malloc_symbol
61 36
63 4
64 28
68 28
69 28
71 4
72 24
fn=strsep
239 2
242 4
244 2
245 4
247 2
249 47
251 28
254 56
256 84
264 14
267 1
271 4
fl=./elf/./elf/dl-misc.c
fn=_dl_higher_prime_number
87 2
124 2
125 2
127 26
129 80
130 30
131 6
133 7
145 2
146 2
fn=_dl_name_match_p
68 1309
69 748
70 28
72 187
74 736
75 1045
80 181
82 159
83 748
fn=_dl_sysdep_read_whole_file
36 11
39 3
40 2
42 6
44 2
47 2
49 8
60 3
63 8
fl=./elf/./elf/dl-object.c
fn=_dl_add_to_namespace_list
31 63
33 21
35 62
38 108
40 6
42 6
45 2
46 21
47 14
48 14
50 14
51 35
fn=_dl_new_object
59 105
62 14
64 2
66 3
67 2
71 6
77 2
80 12
83 31
87 12
92 6
95 14
98 7
99 7
100 14
103 14
104 49
106 7
119 33
123 6
125 1
127 49
130 14
131 14
132 7
136 7
139 42
141 20
149 14
150 7
153 1
155 42
157 24
160 16
164 28
168 42
176 1
179 14
189 28
191 24
195 18
199 12
200 12
208 6
212 6
245 24
250 214
251 214
255 12
256 6
259 6
263 63
fl=./elf/./elf/dl-reloc.c
fn=_dl_relocate_object
170 15320
171 7490
174 26303
175 19828
177 1653
178 6610
182 4184
183 2092
184 2092
186 16742
187 10430
188 4172
190 14755
193 2092
194 14644
196 1653
207 99
208 18
220 16
221 24
224 32
226 24
228 8
229 24
251 40
252 16
253 4
255 16
262 24
301 10347
304 40
328 8
331 16
348 24
350 72
356 48
359 16
363 16
364 48
fl=./elf/./elf/dl-runtime.c
fn=_dl_fixup
46 1265
48 575
49 345
54 115
55 460
56 805
58 230
63 230
67 230
69 115
71 345
75 345
76 460
77 345
84 115
85 345
95 1265
99 575
109 1150
124 460
125 10
133 345
159 345
163 920
fl=./elf/./elf/dl-setup_hash.c
fn=_dl_setup_hash
25 16
28 24
31 24
32 16
33 8
34 8
36 24
37 8
38 24
40 8
41 16
43 8
45 24
50 8
fl=./elf/./elf/dl-sort-maps.c
fn=_dl_sort_maps
140 74
181 2
182 4
183 58
184 32
211 34
216 4
218 2
219 10
221 50
223 16
226 46
244 8
263 8
276 8
283 2
298 26
306 6
310 18
fn=_dl_sort_maps_init
289 4
290 4
291 1
292 3
293 2
fn=dfs_traversal.part.0
135 144
140 92
143 16
145 48
147 238
156 56
171 48
172 16
173 102
fl=./elf/./elf/dl-tunables.c
fn=__GI___tunable_set_val
72 50
82 5
93 40
94 25
97 10
100 35
104 10
111 10
112 10
115 25
116 5
117 5
118 5
153 30
157 15
fn=__GI___tunables_init
42 460
45 91
48 10731
52 182
56 364
128 1
261 10
267 4
281 14924
283 2
287 27027
304 8
fn=__tunable_get_val
387 82
390 486
399 53
400 15
409 32
416 246
418 41
fl=./elf/./elf/dl-tunables.h
fn=__GI___tunable_set_val
141 10
142 10
151 5
fn=__GI___tunables_init
160 1754
161 4283
fl=./elf/./elf/dl-version.c
fn=_dl_check_all_versions
392 7
394 1
396 29
397 8
398 72
401 7
fn=_dl_check_map_versions
36 294
37 83
38 511
56 296
64 222
70 222
86 74
87 148
89 74
94 2884
108 2514
110 74
113 592
120 3549
124 1183
155 80
156 8
164 14
170 24
172 40
174 8
175 8
177 16
180 18
184 48
198 10
200 48
208 48
213 48
215 58
217 296
218 484
221 148
224 222
225 5
228 34
231 296
234 222
239 58
243 48
248 10
257 35
260 10
263 551
266 412
270 129
274 21
279 7
280 28
281 21
291 7
294 37
296 14
299 24
301 10
303 48
306 222
308 296
310 370
311 148
312 222
313 222
316 222
321 58
324 48
329 10
334 14
337 10
341 129
343 268
347 129
348 645
349 387
350 129
353 402
357 129
365 10
366 12
367 12
368 4
370 4
372 124
373 60
375 2
376 7
387 72
fl=./elf/./elf/do-rel.h
fn=_dl_relocate_object
49 48
50 48
51 8
53 80
72 9
73 10
80 48
83 3352
85 4448
96 12
97 4
114 42
123 3753
124 2480
126 42
129 48
131 15360
133 19120
134 15296
135 11472
136 15296
138 11472
141 272
142 68
143 68
147 3756
150 11291
151 582
164 28
165 285
166 252
169 204
171 272
172 68
173 136
180 31
182 42
183 12
185 18
193 6
196 18
211 7
fn=_dl_start
49 6
50 4
51 1
53 10
56 4
61 13
63 9
64 6
65 3
fl=./elf/./elf/get-dynamic-info.h
fn=_dl_map_object_from_fd
39 12
43 6
45 686
49 334
51 86
52 43
53 6
54 154
55 130
56 30
59 24
62 24
64 24
68 167
72 24
84 20
85 24
86 24
87 24
88 20
89 23
90 23
91 24
103 48
110 19
115 10
122 10
123 18
129 18
130 6
147 18
152 6
154 6
156 6
158 6
159 6
162 18
164 12
165 8
174 8
175 12
180 8
181 9
184 12
fl=./elf/./elf/libc-dl-profstub.c
fn=_dl_mcount_wrapper_check
36 128
37 384
38 128
fl=./elf/./elf/libc_early_init.c
fn=__libc_early_init
33 9
35 1
38 2
41 2
47 4
49 2
fl=./elf/./elf/rtld.c
fn=_dl_start
85 8
458 2
476 3
477 1
478 2
488 1
494 4
496 2
517 16
543 1
546 2
547 4
563 190
565 1
578 1
585 9
fn=dl_main
85 17
92 12
93 2
101 9
197 2
199 1
224 3
225 5
226 4
296 3
302 1
303 1
837 1
839 1
848 1
850 1
855 1
1115 1
1116 1
1118 1
1122 3
1124 1
1125 1
1140 1
1143 46
1144 117
1148 3
1153 3
1154 9
1163 2
1164 2
1166 1
1173 3
1191 2
1199 8
1200 17
1201 8
1202 1
1204 12
1205 14
1209 8
1210 8
1211 4
1215 12
1243 2
1247 3
1253 28
1254 61
1260 17
1266 4
1269 3
1271 3
1346 13
1351 1
1352 1
1357 1
1373 3
1374 4
1637 10
1639 2
1640 3
1641 2
1642 3
1646 2
1647 2
1672 3
1673 5
1674 3
1675 3
1678 1
1680 1
1681 1
1683 2
1684 2
1688 2
1690 2
1698 4
1705 2
1708 2
1733 4
1735 1
1740 2
1743 4
1744 4
1745 3
1746 1
1747 1
1748 1
1759 2
1760 2
1762 2
1764 1
1765 3
1770 5
1771 5
1773 3
1779 2
1788 2
1792 1
1793 2
1817 2
1823 1
1824 1
1825 1
1829 3
1834 3
1836 1
1838 2
1842 5
1847 2
1863 6
1939 4
1943 19
1944 1
1947 3
1948 1
1949 2
1950 2
1955 3
1965 9
1971 35
1972 20
1975 3
1976 2
1977 1
1979 30
1980 14
1984 2
1990 1
1992 3
1993 2
1995 2
1997 3
1999 3
2000 1
2001 2
2013 2
2014 2
2015 3
2026 5
2027 4
2028 5
2038 2
2039 2
2040 4
2042 2
2047 3
2246 3
2250 3
2256 2
2259 2
2267 2
2279 3
2282 3
2284 3
2285 6
2292 2
2293 33
2295 16
2300 16
2302 18
2304 1
2305 1
2308 8
2310 16
2311 56
2315 22
2316 9
2325 2
2329 4
2331 1
2338 4
2341 2
2345 3
2347 2
2357 1
2362 3
2365 1
2371 1
2372 5
2380 3
2387 1
2390 3
2394 3
2395 1
2396 1
2397 1
2401 1
2406 8
2538 1
2598 1
2600 2
2602 15
2604 2
2606 107
2607 19
2615 13
2640 2
2650 4
2652 2
2653 1
2687 5
2689 2
2690 2
2691 1
2727 5
2749 3
fn=handle_preload_list
183 3
806 1
810 2
811 2
812 1
814 1
816 6
817 3
825 3
869 13
870 3
874 5
877 4
878 3
880 4
881 2
887 1
889 2
891 2
892 1
895 9
fn=init_tls
734 4
736 2
740 3
746 2
749 1
750 1
751 1
755 1
757 1
761 2
762 2
763 20
764 8
765 16
769 9
771 3
773 3
776 2
779 1
786 2
787 2
793 2
797 1
800 5
fn=map_doit
641 6
643 4
644 6
646 3
fn=version_check_doit
674 6
676 6
680 3
fl=./elf/./get-dynamic-info.h
fn=_dl_start
45 75
49 36
51 10
52 5
54 20
55 16
56 5
59 4
62 4
64 4
68 18
72 3
84 4
85 3
86 4
87 4
88 5
89 3
90 4
91 4
103 10
110 3
123 3
129 3
130 3
133 2
134 3
139 5
142 5
fn=dl_main
39 4
43 1
45 119
49 58
51 12
52 6
54 25
55 21
56 5
59 4
62 4
64 4
68 29
72 7
84 3
85 5
86 5
87 5
88 4
89 5
90 5
91 5
103 9
110 3
115 2
122 3
123 4
129 3
147 4
152 2
154 2
156 2
158 2
159 2
162 4
164 3
165 2
174 2
175 3
180 2
181 3
184 3
fl=./elf/./setup-vdso.h
fn=dl_main
24 2
fl=./iconv/./iconv/gconv_simple.c
fn=__gconv_btwoc_ascii
49 128
51 512
54 128
fl=./io/../sysdeps/posix/isatty.c
fn=isatty
24 7
27 4
28 6
fl=./io/../sysdeps/unix/sysv/linux/access.c
fn=access
25 1
27 7
31 1
fl=./io/../sysdeps/unix/sysv/linux/close_nocancel.c
fn=__GI___close_nocancel
25 7
26 28
27 7
fn=__close_nocancel
25 20
26 80
27 20
fl=./io/../sysdeps/unix/sysv/linux/fstat64.c
fn=fstat
30 10
39 40
72 10
fl=./io/../sysdeps/unix/sysv/linux/fstatat64.c
fn=fstatat
91 6
146 6
160 4
161 11
162 1
fl=./io/../sysdeps/unix/sysv/linux/lseek64.c
fn=lseek
28 1
40 4
42 1
fl=./io/../sysdeps/unix/sysv/linux/open64.c
fn=open
30 252
33 147
41 199
43 168
fl=./io/../sysdeps/unix/sysv/linux/open64_nocancel.c
fn=__open_nocancel
28 64
31 105
39 126
41 33
fl=./io/../sysdeps/unix/sysv/linux/pread64_nocancel.c
fn=__pread64_nocancel
25 4
26 8
27 2
fl=./io/../sysdeps/unix/sysv/linux/read.c
fn=read
25 25
26 150
27 25
fl=./io/../sysdeps/unix/sysv/linux/read_nocancel.c
fn=__read_nocancel
25 8
26 32
27 8
fl=./io/../sysdeps/unix/sysv/linux/stat64.c
fn=stat
28 6
29 12
fl=./io/../sysdeps/unix/sysv/linux/write.c
fn=write
25 67
26 402
27 67
fl=./libio/../include/printf_buffer.h
fn=__vsnprintf_internal
124 72
127 24
128 24
137 48
fn=vsnprintf
124 6
127 2
128 2
137 4
fl=./libio/../libio/libioP.h
fn=_IO_seekoff_unlocked
1025 6
1026 4
fn=ftello
979 4
fl=./libio/../string/bits/string_fortified.h
fn=_IO_file_xsgetn
29 36
fl=./libio/./libio/filedoalloc.c
fn=_IO_file_doallocate
78 22
84 18
86 8
97 8
101 6
102 4
104 8
105 2
106 18
fl=./libio/./libio/fileno.c
fn=fileno
32 27
35 135
42 27
fl=./libio/./libio/fileops.c
fn=_IO_do_write@@GLIBC_2.2.5
424 79
426 208
427 75
434 2
441 4
444 1
449 5
450 5
452 3
453 2
454 1
455 3
456 5
fn=_IO_file_close
1165 20
1168 40
fn=_IO_file_close_it@@GLIBC_2.2.5
128 140
130 60
133 40
134 60
137 20
139 40
142 140
145 60
153 100
154 80
157 40
158 20
159 20
160 20
162 40
163 140
fn=_IO_file_finish@@GLIBC_2.2.5
168 120
169 40
175 60
176 60
fn=_IO_file_fopen@@GLIBC_2.2.5
213 264
214 22
222 44
223 2
224 132
227 22
228 44
247 294
268 1
269 1
271 1
272 4
281 110
284 44
287 80
288 40
357 264
fn=_IO_file_open
182 264
184 44
185 25
188 42
189 44
190 4
191 20
192 120
195 60
205 40
206 20
207 132
fn=_IO_file_overflow@@GLIBC_2.2.5
732 536
733 268
740 331
743 4
745 4
746 12
755 6
764 6
765 2
766 2
767 2
768 2
769 6
771 6
772 10
773 2
775 134
776 134
777 132
788 335
fn=_IO_file_read
1131 2
1133 4
1134 4
fn=_IO_file_seek
1140 1
1141 2
fn=_IO_file_seekoff@@GLIBC_2.2.5
847 2
849 5
851 2
856 4
866 2
867 3
880 3
890 2
901 26
909 5
915 4
918 4
930 2
943 2
947 3
949 3
1035 2
1036 5
1037 2
1039 2
1040 1
1041 4
1055 22
fn=_IO_file_setbuf@@GLIBC_2.2.5
382 6
383 3
386 1
388 3
390 2
391 3
fn=_IO_file_stat
1147 2
1148 4
fn=_IO_file_sync@@GLIBC_2.2.5
793 1085
798 620
799 7
800 155
801 310
812 310
816 775
fn=_IO_file_underflow@@GLIBC_2.2.5
462 20
466 6
469 4
475 6
478 4
490 4
506 4
512 12
517 10
519 4
526 2
535 6
536 2
537 4
538 16
fn=_IO_file_write@@GLIBC_2.2.5
1174 536
1175 134
1176 402
1180 201
1181 201
1182 134
1187 67
1188 67
1190 201
1191 201
1194 402
fn=_IO_file_xsgetn
1273 144
1280 24
1283 3
1288 3
1291 84
1293 42
1294 28
1297 12
1302 4
1310 4
1319 6
1320 8
1322 8
1361 96
fn=_IO_file_xsputn@@GLIBC_2.2.5
434 132
441 264
444 66
446 132
449 396
450 396
452 198
453 132
454 66
455 132
456 264
1198 693
1200 67
1204 308
1205 77
1211 308
1213 154
1228 231
1229 20
1234 20
1236 50
1237 10
1238 30
1240 20
1244 402
1250 134
1251 203
1253 135
1256 132
1257 132
1264 134
1265 4
1267 3
1268 693
fn=_IO_new_file_init_internal
106 132
110 22
111 22
113 22
114 22
115 66
fl=./libio/./libio/fseek.c
fn=fseek
32 11
35 2
36 9
39 7
fl=./libio/./libio/ftello.c
fn=ftello
38 7
41 2
42 5
43 3
49 2
61 5
fl=./libio/./libio/genops.c
fn=_IO_cleanup
776 6
777 10
780 13
784 3
785 36
792 7
794 6
796 4
798 2
800 3
801 1
805 5
807 3
814 3
816 30
817 3
821 7
822 2
842 12
843 2
855 12
fn=_IO_default_finish
54 40
601 120
603 60
609 60
612 60
624 60
fn=_IO_default_setbuf
330 5
332 1
333 1
337 2
452 10
453 5
455 4
457 3
458 2
462 1
466 4
467 1
468 6
fn=_IO_default_xsputn
371 11
373 2
374 4
375 1
379 4
381 1
382 2
384 2
386 4
387 2
397 1
399 2
404 8
fn=_IO_doallocbuf
330 1
332 1
333 1
337 2
343 24
344 6
346 12
347 10
349 2
350 18
fn=_IO_flush_all
686 12
687 3
691 6
692 9
695 12
697 3
698 36
700 21
708 33
709 3
713 7
714 2
718 12
fn=_IO_link_in
87 294
88 210
90 44
92 154
93 198
94 22
95 198
97 44
98 22
100 110
101 22
102 132
103 44
106 400
fn=_IO_no_init
563 242
564 22
565 22
566 44
568 22
572 132
579 22
581 22
587 22
588 132
fn=_IO_old_init
531 22
532 44
534 132
539 154
544 22
550 44
555 66
556 44
558 22
fn=_IO_setb
329 242
330 90
331 1
332 22
333 22
335 134
338 132
fn=_IO_sgetn
409 60
411 36
412 24
fn=_IO_switch_to_get_mode
164 12
165 6
168 6
172 4
173 4
176 2
178 4
180 4
181 2
182 8
fn=_IO_un_link
53 42
54 84
82 42
fn=_IO_unsave_markers
937 126
939 42
944 63
946 63
fn=__GI__IO_un_link.part.0
52 220
58 132
59 220
60 22
61 277
63 67
65 44
66 66
74 44
76 212
77 22
78 134
79 44
82 198
fn=__underflow
173 2
269 12
270 9
275 6
278 6
280 4
286 4
291 6
293 8
294 6
fl=./libio/./libio/iofclose.c
fn=fclose@@GLIBC_2.2.5
34 160
48 60
49 20
51 250
52 40
53 60
57 80
58 60
71 40
76 140
fl=./libio/./libio/iofflush.c
fn=fflush
32 924
33 308
39 1848
40 770
44 770
fl=./libio/./libio/iofopen.c
fn=fopen@@GLIBC_2.2.5
37 40
65 44
67 66
68 2
70 44
72 154
73 44
74 44
75 154
78 4
79 4
85 198
87 154
fl=./libio/./libio/iofread_u.c
fn=fread_unlocked
34 84
35 24
38 24
40 48
41 36
42 108
fl=./libio/./libio/iofwrite.c
fn=fwrite
31 693
32 154
35 462
37 1078
38 383
39 539
45 308
46 77
49 693
fl=./libio/./libio/ioseekoff.c
fn=_IO_seekoff_unlocked
33 14
34 4
43 9
59 8
60 8
fl=./libio/./libio/libioP.h
fn=_IO_cleanup
1025 3
1026 2
fn=_IO_default_setbuf
1025 3
1026 2
fn=_IO_default_xsputn
1025 1
fn=_IO_do_write@@GLIBC_2.2.5
1025 3
1026 2
fn=_IO_doallocbuf
1025 6
1026 4
fn=_IO_file_close_it@@GLIBC_2.2.5
1025 60
1026 40
fn=_IO_file_doallocate
1025 6
1026 4
fn=_IO_file_seekoff@@GLIBC_2.2.5
1025 4
1026 2
fn=_IO_file_underflow@@GLIBC_2.2.5
1025 8
1026 4
fn=_IO_file_xsgetn
1025 12
fn=_IO_file_xsputn@@GLIBC_2.2.5
1025 333
1026 266
fn=_IO_flush_all
1025 2
fn=_IO_sgetn
1025 36
1026 24
fn=__underflow
1025 6
1026 4
fn=fclose@@GLIBC_2.2.5
951 80
952 80
958 40
979 80
980 180
1025 60
1026 40
fn=fflush
979 308
980 1232
1025 462
1026 308
fn=fseek
979 2
fn=fwrite
979 154
980 693
1025 154
1026 154
fl=./libio/./libio/vsnprintf.c
fn=__vsnprintf_internal
63 48
66 24
75 72
76 24
87 48
93 312
96 72
98 144
fn=vsnprintf
63 4
66 2
75 6
76 2
87 4
96 8
102 22
104 12
fl=./libio/./libio/vtables.c
fn=check_stdfiles_vtables
545 1
546 4
547 3
548 3
550 1
fl=./locale/./locale/newlocale.c
fn=newlocale
43 15
55 2
56 1
63 2
66 3
73 4
75 1
277 12
fl=./locale/./locale/uselocale.c
fn=uselocale
30 6
31 18
33 12
36 12
37 6
65 18
66 18
68 18
72 18
73 6
fl=./malloc/../string/bits/string_fortified.h
fn=tcache_init.part.0
59 88
fl=./malloc/../sysdeps/unix/sysv/linux/not-cancel.h
fn=ptmalloc_init.part.0
97 6
fl=./malloc/./malloc/alloc_buffer_alloc_array.c
fn=__libc_alloc_buffer_alloc_array
25 12
26 6
28 18
30 42
31 6
32 6
34 36
35 18
38 6
45 6
fl=./malloc/./malloc/arena.c
fn=free
153 1755
fn=malloc
153 454
264 1
fn=ptmalloc_init.part.0
262 8
267 1
292 2
296 3
300 4
301 4
302 4
303 4
304 4
305 4
306 4
308 4
309 4
310 4
313 4
314 4
316 2
326 8
fl=./malloc/./malloc/malloc.c
fn=_int_free
1792 145
1992 57
3163 890
3165 1780
3166 445
3167 890
4495 4130
4499 1770
4505 2360
4506 1180
4510 2950
4517 1180
4518 3540
4521 464
4527 1392
4547 2320
4550 445
4561 290
4572 76
4574 57
4593 19
4595 19
4596 19
4600 57
4602 38
4606 38
4608 57
4609 19
4628 76
4637 252
4640 252
4643 252
4646 252
4658 3414
fn=_int_free_maybe_consolidate
4770 1386
4776 252
4778 252
4781 189
4784 315
4785 5
4798 1382
fn=_int_free_merge_chunk
1992 378
4665 1008
4666 126
4670 756
4673 338
4675 129
4678 378
4681 252
4682 252
4683 252
4689 252
4691 81
4692 81
4693 81
4694 324
4696 162
4701 378
4702 882
4714 252
4720 220
4721 30
4722 30
4724 95
4732 110
4733 440
4734 220
4736 110
4738 220
4740 330
4743 110
4744 110
4746 330
4747 110
4756 16
4757 48
4758 32
fn=_int_malloc
1326 456
1345 1368
1794 215
1985 222
2008 36
2017 2
2552 162
2553 13
2564 54
2565 42
2568 56
2576 84
2577 28
2589 52
2590 26
2599 148
2605 36
2608 39
2669 39
2677 26
2678 27
2691 39
2693 13
2699 65
2707 26
2709 52
2710 39
2711 8
2712 13
2715 26
2727 15
2728 5
2732 35
2734 10
2738 10
2742 10
2744 62
2745 1
2746 31
2752 69
2753 42
2755 14
2782 7
2783 1
2795 3
2814 2
2817 2
2818 6
2820 1
2821 6
2833 5
2847 10
2866 10
2873 6
2875 6
2876 30
2877 6
2888 18
2895 10
2896 15
2904 5
2906 5
2911 10
2913 25
2921 39
2922 13
2926 13
2930 65
2932 13
2933 13
2934 13
2935 91
2936 26
2938 13
3846 2508
3882 1
3887 456
3914 495
3916 180
3919 71
3921 116
3930 174
3977 340
3979 270
3980 176
3982 264
3984 1
3985 2
3987 1
3988 1
3989 1
3991 3
3997 2
3998 6
4003 5
4004 2
4020 1
4039 2482
4040 420
4058 679
4059 681
4060 681
4069 286
4070 1747
4072 217
4073 434
4074 217
4076 434
4077 651
4079 217
4080 868
4082 868
4084 434
4085 434
4087 434
4098 868
4099 64
4100 48
4101 24
4104 20
4105 20
4106 20
4107 60
4108 60
4109 40
4111 16
4115 160
4117 60
4118 20
4121 23
4122 60
4123 20
4127 197
4128 197
4132 394
4134 6
4135 9
4140 6
4161 404
4163 16
4164 32
4165 8
4169 4062
4170 504
4171 186
4174 372
4177 54
4179 216
4180 108
4186 148
4187 37
4188 111
4192 51
4193 44
4195 5
4196 15
4199 17
4202 16
4205 36
4206 9
4207 18
4209 9
4210 27
4212 17
4213 34
4218 528
4221 1358
4222 194
4223 194
4224 194
4225 194
4230 388
4231 388
4240 776
4246 240
4257 612
4259 548
4262 411
4263 254
4266 24
4267 219
4269 15
4273 48
4275 11
4276 22
4278 72
4279 72
4282 96
4284 3
4285 9
4291 21
4295 84
4296 42
4299 21
4300 21
4301 21
4302 42
4304 42
4307 168
4309 63
4310 21
4313 21
4330 180
4331 360
4332 360
4333 360
4334 1080
4339 926
4343 848
4346 728
4348 80
4349 40
4353 1698
4355 715
4357 1430
4361 134
4364 268
4366 320
4367 64
4368 64
4373 280
4376 140
4378 210
4381 210
4384 280
4394 70
4399 280
4400 140
4403 70
4404 70
4405 70
4408 140
4409 12
4410 140
4412 126
4415 560
4417 210
4418 70
4421 70
4443 110
4444 220
4446 220
4449 330
4451 83
4452 166
4453 83
4454 664
4456 166
4459 214
4460 402
4461 134
4466 108
4482 41
4487 2736
fn=alloc_perturb
1985 462
1987 154
fn=free
3359 4196
3363 1204
3371 1198
3373 599
3375 1797
3379 42
3381 56
3383 28
3384 28
3385 14
3388 28
3392 1755
3398 1755
3401 599
3402 3597
fn=malloc
1326 1226
1345 3034
3178 772
3182 772
3186 1544
3190 772
3191 386
3248 4
3294 4904
3301 1226
3311 1164
3313 2452
3316 1226
3318 1425
3326 454
3328 908
3329 1135
3354 3678
fn=munmap_chunk
3024 28
3025 28
3026 42
3028 28
3030 14
3031 42
3032 14
3038 56
3039 70
3042 14
3043 42
3048 28
3049 14
fn=ptmalloc_init.part.0
1946 385
1949 381
1957 1
1958 1
1960 1
3143 2
fn=sysmalloc_mmap.isra.0
2008 56
2400 84
2413 42
2418 28
2421 140
2424 28
2428 28
2432 56
2448 42
2466 14
2467 42
2471 42
2472 48
2475 42
2476 70
2481 98
fn=sysmalloc_mmap_fallback.constprop.0
2008 20
2490 55
2494 5
2497 15
2498 5
2501 10
2505 10
2506 5
2508 45
2511 10
2515 10
2519 20
2524 5
2526 5
2528 45
fn=systrim.constprop.0
2957 6
2966 3
2968 1
2969 2
2974 3
2975 1
2978 5
2980 2
2987 3
2988 4
3000 3
3001 2
3003 1
3005 2
3009 2
3012 1
3013 4
3015 2
3020 6
fn=tcache_init.part.0
3242 4
3251 8
3252 3
3253 2
3261 4
3270 2
3274 3
fn=unlink_chunk.isra.0
1608 380
1610 950
1613 380
1614 380
1616 760
1619 190
1620 190
1621 935
1623 356
1624 534
1627 356
1629 4
1633 8
1635 2
1636 4
1641 176
1642 176
1645 380
fl=./malloc/./malloc/morecore.c
fn=__glibc_morecore
25 51
26 34
27 5
29 17
30 34
34 34
fl=./malloc/./malloc/scratch_buffer_set_array_size.c
fn=__libc_scratch_buffer_set_array_size
30 78
34 6
35 12
45 12
46 6
63 36
fl=./math/../sysdeps/ieee754/dbl-64/s_llround.c
fn=lround
33 2
39 2
40 8
41 4
43 6
45 4
47 4
49 4
53 8
55 8
73 2
74 4
fl=./math/../sysdeps/x86_64/fpu/multiarch/e_asin.c
fn=__acos_finite@GLIBC_2.15
35 1
fn=__asin_finite@GLIBC_2.15
27 2
fl=./math/../sysdeps/x86_64/fpu/multiarch/e_atan2.c
fn=__atan2_finite@GLIBC_2.15
26 2
fl=./math/../sysdeps/x86_64/fpu/multiarch/e_exp.c
fn=__exp_finite@GLIBC_2.15
27 2
fl=./math/../sysdeps/x86_64/fpu/multiarch/e_exp2f.c
fn=exp2f@@GLIBC_2.27
27 2
fl=./math/../sysdeps/x86_64/fpu/multiarch/e_expf.c
fn=expf@@GLIBC_2.27
27 2
fl=./math/../sysdeps/x86_64/fpu/multiarch/e_log.c
fn=__log_finite@GLIBC_2.15
27 2
fl=./math/../sysdeps/x86_64/fpu/multiarch/e_log2.c
fn=log2@@GLIBC_2.29
27 2
fl=./math/../sysdeps/x86_64/fpu/multiarch/e_log2f.c
fn=log2f@@GLIBC_2.27
27 2
fl=./math/../sysdeps/x86_64/fpu/multiarch/e_logf.c
fn=logf@@GLIBC_2.27
27 2
fl=./math/../sysdeps/x86_64/fpu/multiarch/e_pow.c
fn=__pow_finite@GLIBC_2.15
27 2
fl=./math/../sysdeps/x86_64/fpu/multiarch/e_powf.c
fn=powf@@GLIBC_2.27
30 1
fl=./math/../sysdeps/x86_64/fpu/multiarch/ifunc-avx-fma4.h
fn=__atan2_finite@GLIBC_2.15
32 5
33 2
fn=__exp_finite@GLIBC_2.15
32 5
33 2
fn=__log_finite@GLIBC_2.15
32 5
33 2
fn=cos
32 5
33 2
fn=sin
32 5
33 2
fl=./math/../sysdeps/x86_64/fpu/multiarch/ifunc-fma.h
fn=__log1p
29 4
30 3
fn=cosf
29 4
30 3
fn=exp2f@@GLIBC_2.27
29 4
30 3
fn=expf@@GLIBC_2.27
29 4
30 3
fn=expm1
29 4
30 3
fn=log2@@GLIBC_2.29
29 4
30 3
fn=log2f@@GLIBC_2.27
29 4
30 3
fn=logf@@GLIBC_2.27
29 4
30 3
fn=powf@@GLIBC_2.27
29 4
30 4
fn=sincosf
29 4
30 3
fn=sinf
29 4
30 3
fl=./math/../sysdeps/x86_64/fpu/multiarch/ifunc-fma4.h
fn=__acos_finite@GLIBC_2.15
31 4
32 2
35 1
fn=__asin_finite@GLIBC_2.15
31 4
32 2
fn=__pow_finite@GLIBC_2.15
31 4
32 2
fn=sincos
31 4
32 2
fl=./math/../sysdeps/x86_64/fpu/multiarch/s_cosf.c
fn=cosf
26 2
fl=./math/../sysdeps/x86_64/fpu/multiarch/s_expm1.c
fn=expm1
26 2
fl=./math/../sysdeps/x86_64/fpu/multiarch/s_fma.c
fn=fma
49 6
fl=./math/../sysdeps/x86_64/fpu/multiarch/s_log1p.c
fn=__log1p
26 2
fl=./math/../sysdeps/x86_64/fpu/multiarch/s_sin.c
fn=cos
34 2
fn=sin
27 2
fl=./math/../sysdeps/x86_64/fpu/multiarch/s_sincos.c
fn=sincos
26 2
fl=./math/../sysdeps/x86_64/fpu/multiarch/s_sincosf.c
fn=sincosf
26 2
fl=./math/../sysdeps/x86_64/fpu/multiarch/s_sinf.c
fn=sinf
26 2
fl=./misc/../sysdeps/posix/gethostname.c
fn=gethostname
28 13
32 4
35 5
36 21
38 2
44 11
fl=./misc/../sysdeps/unix/syscall-template.S
fn=mprotect
117 40
122 8
fn=munmap
117 75
122 15
fn=sysinfo
120 5
122 1
fl=./misc/../sysdeps/unix/sysv/linux/brk.c
fn=brk
36 15
37 30
38 30
40 10
41 10
44 10
45 10
fl=./misc/../sysdeps/unix/sysv/linux/brk_call.h
fn=brk
24 30
fl=./misc/../sysdeps/unix/sysv/linux/getloadavg.c
fn=getloadavg
34 11
37 4
40 5
42 6
43 22
46 8
fl=./misc/../sysdeps/unix/sysv/linux/mmap64.c
fn=mmap
47 343
50 98
53 255
58 294
60 196
fl=./misc/../sysdeps/unix/sysv/linux/setvmaname.c
fn=__set_vma_name
33 145
35 106
40 14
47 2
48 1
49 180
fl=./misc/./misc/init-misc.c
fn=__init_misc
30 5
31 6
33 3
37 5
38 3
40 4
fl=./misc/./misc/sbrk.c
fn=sbrk
37 136
40 34
43 34
50 5
58 34
59 4
62 34
63 2
66 56
68 2
74 42
78 119
fl=./nptl/../sysdeps/nptl/futex-internal.h
fn=__pthread_once_slow
209 8
fn=pthread_cond_destroy@@GLIBC_2.3.2
146 24
fl=./nptl/../sysdeps/unix/sysv/linux/x86/elision-conf.c
fn=__lll_elision_init
92 8
96 5
98 4
100 4
102 4
104 4
107 3
108 1
109 6
fl=./nptl/./nptl/alloca_cutoff.c
fn=__libc_alloca_cutoff
27 7
28 63
35 7
fl=./nptl/./nptl/cleanup_compat.c
fn=_pthread_cleanup_pop@@GLIBC_2.34
40 1
43 2
47 2
49 1
fn=_pthread_cleanup_push@@GLIBC_2.34
25 1
28 1
29 1
30 2
32 1
33 1
fl=./nptl/./nptl/libc-cleanup.c
fn=__libc_cleanup_pop_restore
54 46
55 46
57 92
59 46
60 138
71 46
fn=__libc_cleanup_push_defer
24 46
25 46
27 92
29 92
32 92
46 138
48 46
49 46
fl=./nptl/./nptl/pthread_cond_broadcast.c
fn=pthread_cond_broadcast@@GLIBC_2.3.2
39 81
40 9
42 9
43 27
88 81
fl=./nptl/./nptl/pthread_cond_destroy.c
fn=pthread_cond_destroy@@GLIBC_2.3.2
42 6
43 6
49 42
50 6
51 24
59 12
fl=./nptl/./nptl/pthread_mutex_conf.c
fn=__pthread_tunables_init
55 8
56 5
58 4
60 4
62 6
fl=./nptl/./nptl/pthread_mutex_lock.c
fn=pthread_mutex_lock@@GLIBC_2.2.5
44 27
45 189
46 53
77 135
80 81
82 27
84 54
88 54
90 78
94 78
97 2
108 4
112 1
115 2
124 27
130 3
131 2
179 27
182 27
184 27
187 27
190 81
fl=./nptl/./nptl/pthread_mutex_unlock.c
fn=pthread_mutex_unlock@@GLIBC_2.2.5
39 27
40 108
41 27
51 81
52 54
57 54
62 27
65 27
70 27
72 27
74 2
80 4
84 3
87 2
367 108
369 54
fl=./nptl/./nptl/pthread_once.c
fn=__pthread_once_slow
68 11
76 1
80 2
88 2
92 2
101 4
114 13
116 1
118 3
124 1
132 10
fn=pthread_once@@GLIBC_2.34
136 16
139 16
140 32
143 1
144 30
fl=./posix/../malloc/dynarray-skeleton.c
fn=__unregister_atfork
243 6
fl=./posix/../sysdeps/unix/syscall-template.S
fn=uname
120 5
122 1
fl=./posix/../sysdeps/unix/sysv/linux/_exit.c
fn=_Exit
27 2
30 4
fl=./posix/./posix/register-atfork.c
fn=__unregister_atfork
71 12
82 36
83 24
109 24
110 18
fl=./resource/../sysdeps/unix/sysv/linux/getrlimit64.c
fn=getrlimit
38 2
39 7
40 1
fl=./setjmp/../sysdeps/x86_64/bsd-_setjmp.S
fn=_setjmp
28 1
30 1
32 1
fl=./setjmp/../sysdeps/x86_64/setjmp.S
fn=__sigsetjmp
31 19
33 19
42 19
43 38
44 19
48 19
49 19
50 19
51 19
52 19
54 38
56 19
57 19
58 19
60 38
62 19
67 1
68 1
70 18
73 18
74 18
81 18
82 18
85 1
fl=./setjmp/./setjmp/sigjmp.c
fn=__sigjmp_save
28 6
29 1
30 2
34 4
fl=./stdio-common/../include/../locale/localeinfo.h
fn=__printf_fp_l_buffer
331 21
fl=./stdio-common/../include/printf_buffer.h
fn=__printf_buffer
148 3
149 3
151 18
163 86
164 46
fn=__printf_fp_buffer_1.isra.0
163 42
164 8
fl=./stdio-common/../include/rounding-mode.h
fn=__printf_fp_buffer_1.isra.0
52 20
58 6
fl=./stdio-common/../string/bits/string_fortified.h
fn=__printf_buffer_pad_1
59 33
fn=__printf_buffer_write
29 138
fn=__printf_fp_buffer_1.isra.0
29 25
fl=./stdio-common/../sysdeps/generic/get-rounding-mode.h
fn=__printf_fp_buffer_1.isra.0
94 7
95 49
fl=./stdio-common/../sysdeps/pthread/allocalim.h
fn=__printf_fp_buffer_1.isra.0
27 14
29 35
fl=./stdio-common/./stdio-common/Xprintf_buffer_done.c
fn=__printf_buffer_done
25 26
26 78
31 52
33 312
40 26
fl=./stdio-common/./stdio-common/Xprintf_buffer_pad_1.c
fn=__printf_buffer_pad_1
24 99
25 33
33 55
36 11
37 22
39 11
40 33
43 22
44 66
fl=./stdio-common/./stdio-common/Xprintf_buffer_write.c
fn=__printf_buffer_write
27 760
28 285
31 374
33 230
36 46
37 92
40 138
41 46
44 570
fl=./stdio-common/./stdio-common/_itoa.c
fn=_itoa_word
169 15
172 60
174 30
183 1094
192 30
fl=./stdio-common/./stdio-common/printf-parse.h
fn=__printf_buffer
53 30
55 124
56 24
58 12
64 12
65 46
68 6
82 270
fl=./stdio-common/./stdio-common/printf_fp.c
fn=__printf_fp_buffer_1.isra.0
91 33
93 33
95 40
96 30
101 10
105 35
107 20
108 5
110 10
111 25
118 5
122 15
123 10
124 15
127 18
138 126
159 56
177 7
187 7
221 14
222 7
226 21
230 119
234 7
266 35
267 7
268 14
271 119
272 112
273 112
279 7
280 14
283 4
293 4
294 28
297 12
301 16
305 16
306 4
308 24
309 36
310 8
311 34
313 8
318 52
322 308
324 28
327 12
337 10
368 8
369 16
375 36
377 6
380 12
381 12
382 18
385 84
388 28
389 28
390 35
391 28
394 52
396 104
397 8
403 11
407 48
411 16
413 8
439 8
442 32
458 16
460 12
461 24
463 24
477 8
483 6
655 9
659 9
660 15
661 6
665 21
674 42
676 14
680 14
686 14
688 10
689 10
692 15
694 47
696 10
706 10
707 10
720 2
721 4
722 10
728 6
731 12
738 26
746 21
759 119
760 14
763 21
766 142
769 72
771 11
773 42
774 16
775 15
787 7
788 35
789 32
790 76
792 11
793 11
794 33
795 22
796 3
805 35
806 28
808 49
809 1
810 3
813 2
830 6
834 6
835 15
840 12
841 3
842 6
844 6
855 6
924 32
931 22
935 21
980 49
983 14
987 35
991 21
994 28
996 56
999 30
1001 21
1003 14
1006 14
1009 21
1022 28
1024 21
1028 21
1030 77
fn=__printf_fp_l_buffer
1099 133
1102 21
1111 7
1112 14
1115 35
1116 35
1117 21
1122 49
1126 7
1147 77
fn=hack_digit
88 155
91 93
93 93
95 74
96 30
101 50
105 175
107 100
108 25
110 50
111 150
118 50
122 100
123 50
124 115
127 6
128 155
fl=./stdio-common/./stdio-common/vfprintf-internal.c
fn=__printf_buffer
263 21
264 21
266 7
600 390
627 130
631 25
634 25
638 104
642 25
653 78
654 52
655 78
659 52
663 200
683 35
684 35
685 35
686 35
687 35
690 70
691 35
692 35
693 35
694 35
695 35
698 35
699 35
705 490
709 7
719 8
720 4
721 64
726 10
731 14
732 34
744 14
757 2
768 4
769 8
784 20
787 4
794 30
800 8
807 20
810 124
813 7
814 21
818 4
819 8
834 14
837 12
840 15
855 93
870 15
871 255
876 17
877 1
878 16
891 14
973 89
976 238
996 77
997 14
1001 7
1018 35
1024 35
1028 105
1029 70
1031 100
1044 286
fl=./stdio-common/./stdio-common/vfprintf-process-arg.c
fn=__printf_buffer
35 15
48 30
49 120
57 30
58 30
67 15
136 45
138 31
155 225
161 135
166 90
170 30
186 75
187 130
195 75
197 45
199 60
201 105
206 30
208 60
211 30
217 3
221 2
224 30
230 2
233 30
236 30
240 75
378 2
380 2
387 1
388 7
403 96
408 24
422 72
430 24
435 48
455 36
461 21
463 20
491 12
501 32
502 8
fl=./stdlib/../include/rounding-mode.h
fn=round_and_return
46 10
52 6
fl=./stdlib/../stdlib/gmp.h
fn=round_and_return
453 1
454 1
fl=./stdlib/../stdlib/strtol.c
fn=__isoc23_strtol
125 13
126 65
fn=__isoc23_strtoul
125 4
126 20
fl=./stdlib/../stdlib/strtol_l.c
fn=____strtol_l_internal
238 169
252 13
257 13
258 26
264 26
292 13
295 52
304 138
305 12
306 26
310 12
311 26
313 1
314 2
316 24
320 27
322 4
327 8
335 22
342 26
345 52
393 13
394 13
395 13
449 36
451 137
453 54
477 13
478 13
481 54
484 72
489 44
490 54
495 26
500 39
501 12
506 26
507 27
509 39
524 14
546 104
fn=____strtoul_l_internal
238 52
252 4
257 4
258 4
264 8
292 4
295 16
304 24
306 8
310 4
311 8
316 8
320 8
322 28
324 4
325 8
387 4
390 12
391 12
393 4
394 4
395 12
449 24
451 68
453 36
460 6
477 10
478 10
481 36
484 48
489 20
490 36
495 8
500 12
501 4
513 8
524 20
546 36
fl=./stdlib/../string/bits/string_fortified.h
fn=____strtod_l_internal
29 6
fl=./stdlib/../sysdeps/generic/get-rounding-mode.h
fn=round_and_return
94 2
95 18
fl=./stdlib/../sysdeps/ieee754/dbl-64/dbl2mpn.c
fn=__mpn_extract_double
33 21
35 7
37 21
38 35
47 21
56 21
103 14
107 14
fl=./stdlib/../sysdeps/ieee754/dbl-64/mpn2dbl.c
fn=__mpn_construct_double
29 2
33 2
39 2
40 20
46 2
47 4
fl=./stdlib/../sysdeps/x86_64/lshift.S
fn=__mpn_lshift
28 11
29 11
30 11
32 11
33 11
34 11
46 11
47 11
48 11
49 11
50 11
51 11
52 11
58 11
59 11
60 11
fl=./stdlib/../sysdeps/x86_64/mul_1.S
fn=__mpn_mul_1
31 48
32 48
35 48
36 48
37 48
38 48
39 48
41 48
42 48
44 48
45 48
46 48
47 48
48 42
50 42
51 42
52 42
53 42
79 6
80 6
81 6
82 6
83 6
84 6
85 6
86 6
87 6
113 6
114 6
115 6
117 6
118 6
119 6
120 6
121 6
122 48
124 48
127 48
fl=./stdlib/../sysdeps/x86_64/rshift.S
fn=__mpn_rshift
28 8
29 8
30 8
31 8
44 8
45 8
61 8
62 8
63 8
64 8
65 8
66 8
67 8
72 8
73 8
74 8
75 8
76 8
fl=./stdlib/./stdlib/cmp.c
fn=__mpn_cmp
31 10
35 20
37 10
38 10
39 20
47 50
fl=./stdlib/./stdlib/cxa_atexit.c
fn=__cxa_atexit
41 48
43 192
44 48
46 48
52 72
53 24
54 24
55 24
56 24
57 96
58 24
67 168
69 144
fn=__new_exitfn
80 120
81 24
86 48
91 148
93 96
94 115
101 1
104 46
122 1
123 1
129 69
130 46
134 1
136 24
137 24
141 120
fl=./stdlib/./stdlib/cxa_finalize.c
fn=__cxa_finalize
30 60
33 42
36 42
40 433
41 308
43 44
45 22
76 22
78 66
81 88
82 66
83 88
87 66
93 42
97 36
105 12
106 24
107 48
fl=./stdlib/./stdlib/cxa_thread_atexit_impl.c
fn=__call_tls_dtors
148 5
149 4
165 4
fl=./stdlib/./stdlib/divrem.c
fn=__mpn_divrem
46 420
47 30
49 60
62 30
63 30
65 60
67 1
68 2
72 272
73 78
76 60
79 30
81 30
234 270
fl=./stdlib/./stdlib/exit.c
fn=__run_exit_handlers
38 12
40 2
41 2
43 5
54 2
56 2
60 1
64 75
66 48
67 24
69 212
94 2
101 2
102 2
103 2
104 6
107 8
108 6
109 8
113 6
119 3
120 2
126 4
128 2
129 2
131 2
fn=exit
137 3
138 4
fl=./stdlib/./stdlib/getenv.c
fn=getenv
24 180
25 160
28 40
29 7140
31 3542
32 232
33 1
37 180
fl=./stdlib/./stdlib/mul.c
fn=__mpn_mul
48 102
54 12
66 12
71 6
72 12
81 24
83 6
84 6
88 12
141 6
142 66
fl=./stdlib/./stdlib/secure-getenv.c
fn=secure_getenv
28 1
29 5
fl=./stdlib/./stdlib/strtod.c
fn=strtod
81 2
82 8
fl=./stdlib/./stdlib/strtod_l.c
fn=____strtod_l_internal
508 24
514 6
553 2
561 6
563 4
587 2
595 4
596 6
597 6
601 2
602 2
603 4
607 2
610 8
611 10
614 4
619 4
632 12
633 4
641 6
689 10
708 10
709 6
710 4
732 8
733 12
734 16
739 22
740 4
747 8
775 6
776 4
788 4
804 8
846 4
855 16
856 4
862 6
863 2
864 8
865 14
868 8
869 10
870 4
871 2
874 4
880 6
881 4
882 10
980 4
1013 4
1015 4
1042 6
1043 1
1048 4
1072 4
1081 4
1175 20
1176 2
1177 6
1180 8
1192 4
1195 4
1353 4
1354 4
1355 2
1357 10
1375 6
1378 16
1386 4
1391 4
1396 16
1399 6
1402 18
1410 10
1413 2
1414 2
1417 4
1420 2
1422 4
1424 4
1425 6
1430 12
1440 2
1441 2
1443 4
1445 10
1449 18
1466 10
1468 8
1472 10
1473 12
1474 4
1485 4
1487 4
1494 2
1495 2
1496 12
1500 12
1538 44
1540 6
1542 22
1543 4
1544 4
1770 22
fn=round_and_return
215 32
218 4
226 2
233 2
313 4
316 4
319 9
320 4
328 2
338 2
350 7
352 2
355 16
356 14
fn=str_to_mpn.isra.0
365 20
374 4
375 2
378 2
379 12
382 4
413 8
416 4
423 2
426 8
427 4
429 4
431 8
438 6
440 6
442 2
443 2
458 18
fl=./string/../include/rtld-malloc.h
fn=strdup
56 14
fl=./string/../string/bits/string_fortified.h
fn=strdup
29 4
fl=./string/../string/strcspn.c
fn=strcspn
32 6
33 3
34 2
39 6
40 4
41 4
42 4
44 1
47 9
48 6
51 4
52 4
53 4
54 4
56 3
61 12
62 24
63 24
64 24
65 12
67 72
69 1
70 4
71 3
fl=./string/../string/strstr.c
fn=__GI_strstr
77 240
82 60
84 100
85 40
86 40
161 240
fl=./string/../sysdeps/x86/cacheinfo.c
fn=__x86_cacheinfo
86 1
fl=./string/../sysdeps/x86/cacheinfo.h
fn=__x86_cacheinfo
59 1
62 3
64 3
65 1
71 3
73 3
74 1
78 2
80 2
81 2
82 2
84 2
86 2
fl=./string/../sysdeps/x86_64/multiarch/../multiarch/memcmp-sse2.S
fn=bcmp
59 1
71 1
72 1
94 1
95 1
140 1
141 1
143 1
144 1
146 1
147 1
149 1
150 1
197 1
198 1
199 1
200 1
201 1
202 1
fl=./string/../sysdeps/x86_64/multiarch/../multiarch/memset-vec-unaligned-erms.S
fn=memset
132 13
133 65
138 13
139 13
142 6
143 6
145 1
146 1
147 1
244 5
245 5
257 5
260 5
261 5
273 5
274 5
287 5
288 5
290 5
293 4
296 8
299 103
300 103
301 103
302 103
303 103
304 103
305 103
308 5
309 5
310 5
311 5
316 5
350 7
352 7
353 7
392 7
393 7
395 7
fl=./string/../sysdeps/x86_64/multiarch/../multiarch/strchr-sse2.S
fn=index
32 34
33 34
34 34
35 34
36 34
37 34
38 34
39 34
40 34
41 31
42 31
43 31
44 31
45 31
46 31
47 31
48 31
49 31
50 24
54 24
55 24
56 24
57 24
59 24
63 7
64 7
65 7
66 7
67 7
68 7
69 7
70 7
71 7
72 7
73 7
74 7
75 7
76 7
77 7
78 7
79 7
80 7
81 7
82 7
83 7
84 7
85 7
86 11
91 2
92 2
95 2
96 2
97 2
98 2
99 2
100 2
101 2
102 2
103 2
104 2
105 2
106 2
107 2
108 2
109 2
110 2
111 2
112 2
114 2
115 2
117 2
118 2
119 2
120 2
121 2
122 2
123 2
124 2
126 2
127 2
128 2
129 2
130 2
131 2
132 2
133 2
134 2
135 2
138 10
142 10
143 10
144 10
145 10
147 10
151 3
152 3
153 3
154 3
155 3
156 3
157 3
158 3
159 3
160 3
161 3
162 3
163 3
164 3
165 3
166 3
167 3
168 3
169 3
170 3
171 3
172 3
173 3
174 3
175 3
176 3
177 3
178 3
179 3
180 3
181 3
182 3
183 3
184 3
185 3
186 3
187 3
188 3
189 2
fl=./string/../sysdeps/x86_64/multiarch/../multiarch/strcmp-sse2.S
fn=strcmp
98 2913
131 2913
132 2913
134 2913
135 2913
156 2913
157 2913
158 2575
159 2575
160 2384
161 2384
162 2384
163 2384
180 2384
181 2384
182 2384
183 2384
184 2384
185 2384
186 2384
191 105
192 315
201 634
202 634
203 634
204 634
205 634
206 634
207 634
208 634
209 512
210 291
211 291
212 291
214 512
215 512
216 512
217 512
218 512
219 512
229 122
230 122
231 122
233 122
239 122
240 122
241 122
242 122
243 122
248 122
250 113
251 113
252 226
260 116
261 116
264 116
265 116
266 116
267 116
268 116
269 116
275 4
276 4
277 4
280 4
281 4
282 4
283 4
284 4
285 4
290 3
291 3
300 8
301 8
302 8
303 8
304 8
306 8
307 8
308 8
309 8
310 8
311 8
312 8
313 8
316 8
317 8
318 8
324 8
325 8
326 16
330 10
331 10
334 10
335 10
336 10
338 10
339 10
340 10
344 10
345 10
346 10
347 10
348 10
349 10
355 3
356 3
358 3
359 3
361 3
362 3
363 3
365 3
366 3
367 3
371 3
372 3
373 3
374 3
375 3
376 3
382 2
383 2
384 2
424 3
425 3
426 3
427 3
428 3
430 3
431 3
432 3
433 3
434 3
435 3
436 3
437 3
440 3
441 3
442 3
448 3
449 3
450 6
454 4
455 4
458 4
459 4
460 4
462 4
463 4
464 4
468 4
469 4
470 4
471 4
472 4
473 4
480 3
481 3
483 3
484 3
486 3
487 3
488 3
490 3
491 3
492 3
496 3
497 3
498 3
499 3
500 3
501 3
508 1
509 1
510 1
542 16
543 16
544 16
545 16
546 16
548 16
549 16
550 16
551 16
552 16
553 16
554 16
555 5
559 5
560 5
561 5
567 5
568 5
569 10
573 5
574 5
577 5
578 5
579 5
581 5
582 5
583 5
587 5
588 5
589 5
590 5
591 5
592 5
599 2
600 2
602 2
603 2
605 2
606 2
607 2
609 2
610 2
611 2
615 2
616 2
617 2
618 2
619 2
620 2
661 11
662 11
663 11
664 11
665 11
667 11
668 11
669 11
670 11
671 11
672 11
673 11
674 8
678 8
679 8
680 8
686 8
687 8
688 16
692 12
693 12
696 12
697 12
698 12
700 12
701 12
702 12
706 12
707 12
708 12
709 12
710 12
711 12
718 5
719 5
721 5
722 5
724 5
725 5
726 5
728 5
729 5
730 5
734 5
735 5
736 5
737 5
738 5
739 5
746 4
747 4
748 4
780 13
781 13
782 13
783 13
784 13
786 13
787 13
788 13
789 13
790 13
791 13
792 13
793 12
797 12
798 12
799 12
805 12
806 12
807 24
811 18
812 18
815 18
816 18
817 18
819 18
820 18
821 18
825 18
826 18
827 18
828 18
829 18
830 18
837 9
838 9
840 9
841 9
843 9
844 9
845 9
847 9
848 9
849 9
853 9
854 9
855 9
856 9
857 9
858 9
865 6
866 6
867 6
899 23
900 23
901 23
902 23
903 23
905 23
906 23
907 23
908 23
909 23
910 23
911 23
912 17
916 17
917 17
918 17
924 17
925 17
926 34
930 20
931 20
934 20
935 20
936 20
938 20
939 20
940 20
944 20
945 20
946 20
947 20
948 20
949 20
956 5
957 5
959 5
960 5
962 5
963 5
964 5
966 5
967 5
968 5
972 5
973 5
974 5
975 5
976 5
977 5
984 3
985 3
986 3
990 1
991 1
992 1
993 1
1000 1
1001 1
1002 1
1018 12
1019 12
1020 12
1021 12
1022 12
1024 12
1025 12
1026 12
1027 12
1028 12
1029 12
1030 12
1031 9
1035 9
1036 9
1037 9
1043 9
1044 9
1045 18
1049 12
1050 12
1053 12
1054 12
1055 12
1057 12
1058 12
1059 12
1063 12
1064 12
1065 12
1066 12
1067 12
1068 12
1075 4
1076 4
1078 4
1079 4
1081 4
1082 4
1083 4
1085 4
1086 4
1087 4
1091 4
1092 4
1093 4
1094 4
1095 4
1096 4
1103 3
1104 3
1105 3
1137 24
1138 24
1139 24
1140 24
1141 24
1143 24
1144 24
1145 24
1146 24
1147 24
1148 24
1149 24
1150 12
1154 12
1155 12
1156 12
1162 12
1163 12
1164 24
1168 17
1169 17
1172 17
1173 17
1174 17
1176 17
1177 17
1178 17
1182 17
1183 17
1184 17
1185 17
1186 17
1187 17
1194 7
1195 7
1197 7
1198 7
1200 7
1201 7
1202 7
1204 7
1205 7
1206 7
1210 7
1211 7
1212 7
1213 7
1214 7
1215 7
1222 5
1223 5
1224 5
1256 38
1257 38
1258 38
1259 38
1260 38
1262 38
1263 38
1264 38
1265 38
1266 38
1267 38
1268 38
1269 25
1273 25
1274 25
1275 25
1281 25
1282 25
1283 50
1287 31
1288 31
1291 31
1292 31
1293 31
1295 31
1296 31
1297 31
1301 31
1302 31
1303 31
1304 31
1305 31
1306 31
1313 14
1314 14
1316 14
1317 14
1319 14
1320 14
1321 14
1323 14
1324 14
1325 14
1329 14
1330 14
1331 14
1332 14
1333 14
1334 14
1341 6
1342 6
1343 6
1375 23
1376 23
1377 23
1378 23
1379 23
1381 23
1382 23
1383 23
1384 23
1385 23
1386 23
1387 23
1388 17
1392 17
1393 17
1394 17
1400 17
1401 17
1402 34
1406 19
1407 19
1410 19
1411 19
1412 19
1414 19
1415 19
1416 19
1420 19
1421 19
1422 19
1423 19
1424 19
1425 19
1432 5
1433 5
1435 5
1436 5
1438 5
1439 5
1440 5
1442 5
1443 5
1444 5
1448 5
1449 5
1450 5
1451 5
1452 5
1453 5
1460 2
1461 2
1462 2
1494 127
1495 127
1496 127
1497 127
1498 127
1500 127
1501 127
1502 127
1503 127
1504 127
1505 127
1506 127
1507 102
1511 102
1512 102
1513 102
1519 102
1520 102
1521 204
1525 113
1526 113
1529 113
1530 113
1531 113
1533 113
1534 113
1535 113
1539 113
1540 113
1541 113
1542 113
1543 113
1544 113
1551 20
1552 20
1554 20
1555 20
1557 20
1558 20
1559 20
1561 20
1562 20
1563 20
1567 20
1568 20
1569 20
1570 20
1571 20
1572 20
1579 11
1580 11
1581 11
1613 41
1614 41
1615 41
1616 41
1617 41
1619 41
1620 41
1621 41
1622 41
1623 41
1624 41
1625 41
1626 16
1630 16
1631 16
1632 16
1638 16
1639 16
1640 32
1644 19
1645 19
1648 19
1649 19
1650 19
1652 19
1653 19
1654 19
1658 19
1659 19
1660 19
1661 19
1662 19
1663 19
1670 10
1671 10
1673 10
1674 10
1676 10
1677 10
1678 10
1680 10
1681 10
1682 10
1686 10
1687 10
1688 10
1689 10
1690 10
1691 10
1698 3
1699 3
1700 3
1732 50
1733 50
1734 50
1735 50
1736 50
1738 50
1739 50
1740 50
1741 50
1742 50
1743 50
1744 50
1745 35
1749 35
1750 35
1751 35
1757 35
1758 35
1759 70
1763 40
1764 40
1767 40
1768 40
1769 40
1771 40
1772 40
1773 40
1777 40
1778 40
1779 40
1780 40
1781 40
1782 40
1789 13
1790 13
1792 13
1793 13
1795 13
1796 13
1797 13
1799 13
1800 13
1801 13
1805 13
1806 13
1807 13
1808 13
1809 13
1810 13
1817 5
1818 5
1819 5
1851 56
1852 56
1853 56
1854 56
1855 56
1857 56
1858 56
1859 56
1860 56
1861 56
1862 56
1863 56
1864 33
1868 33
1869 33
1870 33
1876 33
1877 33
1878 66
1882 39
1883 39
1886 39
1887 39
1888 39
1890 39
1891 39
1892 39
1896 39
1897 39
1898 39
1899 39
1900 39
1901 39
1908 11
1909 11
1911 11
1912 11
1914 11
1915 11
1916 11
1918 11
1919 11
1920 11
1924 11
1925 11
1926 11
1927 11
1928 11
1929 11
1936 6
1937 6
1938 6
1942 1
1943 1
1944 1
1945 1
1952 1
1953 1
1954 1
1970 67
1971 67
1972 67
1973 67
1974 67
1976 67
1977 67
1978 67
1979 67
1980 67
1981 67
1982 67
1984 27
1988 27
1989 27
1990 27
1996 27
1997 27
1999 54
2003 32
2004 32
2007 32
2008 32
2009 32
2011 32
2012 32
2013 32
2017 32
2018 32
2019 32
2020 32
2021 32
2022 32
2029 9
2030 9
2032 9
2033 9
2035 9
2036 9
2037 9
2039 9
2040 9
2041 9
2045 9
2046 9
2047 9
2048 9
2049 9
2050 9
2057 5
2058 5
2059 5
2093 442
2095 634
2096 634
2097 634
2098 634
2099 582
2104 2913
2110 2913
2111 2913
2119 2913
2120 2913
fn=strncmp
98 1
125 1
126 1
127 1
128 1
129 1
131 1
132 1
134 1
135 1
156 1
157 1
158 1
159 1
160 1
161 1
162 1
163 1
180 1
181 1
182 1
183 1
184 1
185 1
186 1
2104 1
2107 1
2108 1
2110 1
2111 1
2119 1
2120 1
fl=./string/../sysdeps/x86_64/multiarch/../multiarch/strlen-sse2.S
fn=strlen
57 35
101 35
102 35
103 35
104 35
105 35
106 35
107 35
109 35
111 35
142 32
143 32
144 32
145 32
146 32
147 13
149 13
153 19
154 19
155 19
156 19
157 19
158 19
159 19
160 19
161 19
162 19
163 19
164 19
169 152
173 3
174 42
175 18
190 3
191 3
192 6
243 3
244 3
245 3
246 3
247 3
248 3
249 3
250 3
266 3
268 3
269 42
271 3
272 3
273 3
275 3
fl=./string/../sysdeps/x86_64/multiarch/ifunc-avx2.h
fn=memrchr
38 4
40 3
41 2
42 3
45 2
46 2
49 3
52 6
fn=rindex
38 4
40 3
41 2
42 3
45 2
46 2
49 3
52 6
fn=strchrnul
38 4
40 3
41 2
42 3
45 2
46 2
49 3
52 6
fn=strlen
38 16
40 12
41 8
42 12
45 8
46 8
49 12
52 24
fn=strnlen
38 8
40 6
41 4
42 6
45 4
46 4
49 6
52 12
fl=./string/../sysdeps/x86_64/multiarch/ifunc-evex.h
fn=memchr
37 8
38 6
39 6
42 4
43 4
45 4
51 6
54 8
fl=./string/../sysdeps/x86_64/multiarch/ifunc-memcmp.h
fn=bcmp
34 20
35 8
36 8
37 12
40 8
41 8
44 12
47 16
fl=./string/../sysdeps/x86_64/multiarch/ifunc-memmove.h
fn=memcpy@@GLIBC_2.14
56 8
57 12
60 12
61 8
74 8
77 8
85 8
93 8
96 20
fn=memmove
56 6
57 9
60 9
61 6
74 6
77 6
85 6
93 6
96 15
fn=mempcpy
56 2
57 3
60 3
61 2
74 2
77 2
85 2
93 2
96 5
fl=./string/../sysdeps/x86_64/multiarch/ifunc-memset.h
fn=memset
54 20
57 12
58 8
64 8
73 8
75 8
85 8
93 8
96 20
fl=./string/../sysdeps/x86_64/multiarch/ifunc-sse4_2.h
fn=strcspn
36 5
fn=strpbrk
36 5
fn=strspn
36 5
fl=./string/../sysdeps/x86_64/multiarch/ifunc-strcasecmp.h
fn=strcasecmp
36 4
37 2
38 3
41 2
42 2
45 3
48 5
fn=strcasecmp_l
36 4
37 2
38 3
41 2
42 2
45 3
48 5
fn=strncasecmp
36 4
37 2
38 3
41 2
42 2
45 3
48 5
fn=strncasecmp_l
36 4
37 2
38 3
41 2
42 2
45 3
48 5
fl=./string/../sysdeps/x86_64/multiarch/ifunc-strcpy.h
fn=stpcpy
38 4
39 3
42 2
43 2
46 3
49 3
fn=strcat
38 4
39 3
42 2
43 2
46 3
49 3
fn=strcpy
38 4
39 3
42 2
43 2
46 3
49 3
fl=./string/../sysdeps/x86_64/multiarch/ifunc-strncpy.h
fn=stpncpy
35 5
36 3
39 2
40 2
43 3
46 4
fn=strncpy
35 5
36 3
39 2
40 2
43 3
46 4
fl=./string/../sysdeps/x86_64/multiarch/memchr-avx2.S
fn=__memchr_avx2
61 654
68 654
70 654
73 654
74 654
76 654
77 654
78 654
79 654
82 649
83 649
86 649
87 649
89 379
90 379
91 319
92 319
94 638
101 270
106 270
113 270
114 270
115 266
116 266
121 12
122 12
123 12
124 24
128 4
129 4
133 17
134 17
135 17
136 34
140 6
141 6
142 6
143 12
148 6
149 6
150 6
151 12
161 65
162 65
163 65
165 65
175 65
176 65
179 65
180 65
182 53
183 53
185 41
186 41
187 41
188 41
190 24
191 24
192 24
193 24
195 18
196 18
197 18
198 18
202 12
203 12
206 12
207 12
208 12
209 12
214 24
224 96
225 96
226 96
227 96
228 96
229 96
230 96
232 96
238 96
239 96
241 84
243 84
244 84
257 12
258 12
261 2
262 2
266 1
267 1
270 1
271 1
272 1
273 1
274 1
275 1
276 1
278 2
286 12
287 12
288 12
290 1
291 1
292 1
310 10
312 10
314 10
315 10
316 10
317 10
318 20
327 11
331 11
333 11
334 22
338 2
342 2
344 2
345 4
366 1
367 1
368 1
369 1
412 5
415 5
416 5
417 5
420 5
421 5
428 5
431 5
432 5
434 5
435 5
fl=./string/../sysdeps/x86_64/multiarch/memchr.c
fn=memchr
29 4
fl=./string/../sysdeps/x86_64/multiarch/memcmp-avx2-movbe.S
fn=__memcmp_avx2_movbe
73 415
80 415
81 415
84 1
85 1
86 1
90 1
91 1
93 1
94 1
97 1
98 1
99 1
102 1
103 1
106 1
107 1
110 1
111 1
112 1
113 1
114 1
115 1
116 1
117 1
118 1
119 1
122 1
123 1
129 1
130 1
131 1
132 1
136 1
137 1
139 1
140 1
141 1
142 1
145 1
146 1
147 1
148 1
149 1
150 1
152 2
156 381
166 381
167 381
168 381
171 762
401 414
402 414
407 410
408 410
409 410
410 410
411 410
414 409
415 409
416 409
417 409
420 409
421 409
422 28
423 56
429 1
430 1
432 1
433 1
435 1
436 1
438 1
439 1
440 1
441 1
442 1
443 1
444 1
445 1
446 1
448 1
450 1
454 4
455 4
456 4
457 4
459 4
fl=./string/../sysdeps/x86_64/multiarch/memcmp.c
fn=bcmp
29 16
fl=./string/../sysdeps/x86_64/multiarch/memcmpeq.c
fn=memcpy@@GLIBC_2.14
29 4
fl=./string/../sysdeps/x86_64/multiarch/memmove-vec-unaligned-erms.S
fn=???
251 32
fn=__memcpy_avx_unaligned_erms
255 1558
256 1558
262 1569
263 1569
265 320
266 320
267 320
270 124
271 124
272 124
275 248
305 1249
306 1249
308 984
309 984
311 632
315 632
316 395
317 395
318 395
319 395
320 365
321 365
323 395
325 395
331 237
332 237
333 237
334 237
335 237
342 265
343 265
344 265
345 265
347 265
364 352
365 352
366 352
367 352
368 352
375 38
376 38
377 38
378 38
379 38
380 38
381 76
386 196
387 196
392 118
393 118
395 48
396 48
397 48
399 10
400 10
401 10
402 10
403 10
404 10
405 10
406 10
407 10
408 10
409 10
410 10
411 10
412 10
413 20
417 70
418 70
422 70
424 70
428 70
429 70
440 70
443 70
445 70
447 70
451 70
452 70
461 49
462 49
464 49
466 49
467 49
468 49
471 49
473 49
475 49
477 98
483 362
484 362
485 362
486 362
487 362
488 362
489 362
490 362
491 362
492 362
493 362
494 362
496 49
497 49
498 49
499 49
501 49
505 98
518 21
519 21
521 21
522 21
523 21
525 21
527 21
529 42
535 891
536 891
537 891
538 891
539 891
540 891
541 891
542 891
543 891
544 891
545 891
546 891
548 21
549 21
550 21
551 21
553 21
554 42
563 54
570 54
571 54
577 54
580 54
582 54
585 54
586 54
588 54
590 9287670
592 54
594 54
596 108
601 78
602 78
606 78
608 78
611 78
615 78
616 78
620 54
624 54
684 24
685 24
686 24
691 24
692 24
693 24
700 24
706 24
708 24
716 24
717 24
719 24
721 24
723 24
725 24
733 24
734 24
735 24
736 24
741 24
742 24
743 24
746 21
748 42
753 6123
755 391872
756 391872
757 391872
758 391872
760 783744
761 783744
762 195936
764 783744
765 783744
766 195936
767 195936
768 195936
769 6123
770 6123
771 6123
772 6123
773 21
776 21
777 21
782 2646
783 2646
784 1323
785 1323
786 1323
787 1323
788 1323
789 1323
790 1323
791 1323
792 1323
793 1323
794 1323
795 1323
796 1323
800 21
801 21
802 21
803 21
805 21
806 21
807 21
808 21
809 42
814 3
816 6
821 189
825 12096
826 12096
827 12096
828 12096
830 24192
831 24192
832 24192
833 24192
834 6048
836 24192
837 24192
838 24192
839 24192
840 6048
841 6048
842 6048
843 189
844 189
845 189
846 189
847 3
849 3
850 3
855 762
856 762
857 381
858 381
859 381
860 381
861 381
862 381
863 381
864 381
865 381
866 381
867 381
868 381
869 381
873 3
874 3
875 3
876 3
878 3
879 3
880 3
881 3
882 6
fn=__memcpy_chk_avx_unaligned_erms
249 8
250 8
251 8
fn=__mempcpy_avx_unaligned_erms
242 11
243 11
244 11
245 11
fn=memcpy
210 37
211 37
217 68
218 68
220 40
221 40
222 40
224 19
225 19
226 19
228 19
308 28
309 28
311 8
315 8
316 8
317 8
318 1
319 1
323 1
325 8
364 20
365 20
366 20
367 20
368 20
375 21
376 21
377 21
378 21
379 21
380 21
381 21
392 21
393 21
395 21
396 21
397 21
fn=mempcpy
197 31
198 31
199 31
200 31
fl=./string/../sysdeps/x86_64/multiarch/memmove.c
fn=memmove
29 3
fl=./string/../sysdeps/x86_64/multiarch/mempcpy.c
fn=mempcpy
33 1
fl=./string/../sysdeps/x86_64/multiarch/memrchr.c
fn=memrchr
29 3
fl=./string/../sysdeps/x86_64/multiarch/memset-vec-unaligned-erms.S
fn=__memset_avx2_unaligned_erms
158 14
159 28
164 14
165 14
166 1
167 1
168 1
181 1
182 1
184 2
237 1
238 1
244 1
245 1
257 1
260 1
261 1
337 13
346 13
347 13
352 12
353 12
354 9
355 9
356 9
357 9
358 4
359 4
361 4
378 1
379 1
380 1
389 3
390 3
395 3
416 5
417 5
418 5
423 5
fl=./string/../sysdeps/x86_64/multiarch/memset.c
fn=memset
29 4
fl=./string/../sysdeps/x86_64/multiarch/stpcpy.c
fn=stpcpy
33 3
fl=./string/../sysdeps/x86_64/multiarch/stpncpy.c
fn=stpncpy
31 3
fl=./string/../sysdeps/x86_64/multiarch/strcasecmp.c
fn=strcasecmp
31 3
fl=./string/../sysdeps/x86_64/multiarch/strcasecmp_l.c
fn=strcasecmp_l
31 3
fl=./string/../sysdeps/x86_64/multiarch/strcat.c
fn=strcat
29 3
fl=./string/../sysdeps/x86_64/multiarch/strchr-avx2.S
fn=__strchr_avx2
53 46
55 46
56 46
57 46
58 46
59 46
62 46
63 46
67 46
68 46
69 46
70 46
71 46
72 46
73 46
74 46
77 46
85 46
87 1
89 2
93 45
94 90
fn=__strchrnul_avx2
53 61
55 61
56 61
57 61
58 61
59 61
62 61
63 61
67 61
68 61
69 61
70 61
71 61
72 61
73 61
74 61
87 61
89 122
fl=./string/../sysdeps/x86_64/multiarch/strchr.c
fn=index
42 8
43 4
44 6
47 4
48 4
51 6
54 6
65 6
fl=./string/../sysdeps/x86_64/multiarch/strchrnul.c
fn=strchrnul
31 3
fl=./string/../sysdeps/x86_64/multiarch/strcmp-avx2.S
fn=__strcmp_avx2
206 4
249 4
274 4
275 4
276 4
278 4
279 4
283 4
287 4
289 4
291 4
294 4
303 4
304 4
308 4
318 4
319 4
322 4
326 8
953 4
954 4
957 3
958 3
959 3
960 3
962 3
965 3
966 3
970 3
971 3
fn=__strncmp_avx2
206 41
230 41
235 41
249 35
274 35
275 35
276 35
278 35
279 35
283 33
287 33
289 33
291 33
294 33
296 33
297 33
308 30
318 30
319 30
322 30
326 60
331 33
332 33
333 33
337 3
338 6
346 6
349 6
359 6
360 6
363 6
366 6
524 1
525 1
526 2
534 1
535 1
538 1
539 1
542 1
543 1
547 1
548 1
549 1
550 1
553 1
554 1
555 1
556 1
560 1
563 1
564 1
565 1
567 1
568 1
571 1
574 1
575 1
576 1
577 1
580 1
581 1
582 1
583 1
637 1
638 2
654 1
655 1
656 1
957 2
958 2
959 2
960 2
962 2
965 2
966 2
1047 1
1048 1
1051 1
1052 1
1053 1
1056 2
1063 1
1064 1
1065 1
1066 1
1076 2
1077 2
1080 2
1081 2
1082 2
1083 2
1089 2
1091 2
1094 2
1095 4
1100 2
1101 2
1103 2
1104 2
1105 2
1106 2
1107 2
1108 2
1109 2
1110 1
1112 1
1113 1
1114 1
1121 1
1122 1
1123 1
1124 1
1125 1
1126 1
1127 1
1130 1
1131 1
1132 1
1133 1
1135 1
1136 1
1141 1
fl=./string/../sysdeps/x86_64/multiarch/strcmp.c
fn=strcmp
47 8
48 4
49 6
52 4
53 4
56 6
59 6
79 6
fl=./string/../sysdeps/x86_64/multiarch/strcpy.c
fn=strcpy
29 3
fl=./string/../sysdeps/x86_64/multiarch/strcspn.c
fn=strcspn
29 2
fl=./string/../sysdeps/x86_64/multiarch/strlen-avx2.S
fn=__strlen_avx2
52 222
65 222
66 222
67 222
70 222
72 222
73 222
76 220
77 220
85 220
86 220
87 206
92 412
118 12
131 12
132 12
133 12
139 24
143 2
156 2
157 2
158 2
164 4
193 1
206 1
207 1
208 1
214 2
221 14
236 15
242 15
243 15
244 15
246 3
247 3
248 3
249 3
251 1
252 1
253 1
254 1
256 1
257 1
258 1
259 1
511 2
512 2
513 2
516 2
531 2
532 2
533 1
540 2
fl=./string/../sysdeps/x86_64/multiarch/strlen.c
fn=strlen
29 12
fl=./string/../sysdeps/x86_64/multiarch/strncase.c
fn=strncasecmp
31 3
fl=./string/../sysdeps/x86_64/multiarch/strncase_l.c
fn=strncasecmp_l
31 3
fl=./string/../sysdeps/x86_64/multiarch/strncmp.c
fn=strncmp
43 8
44 4
45 6
48 4
49 4
52 6
55 10
67 6
fl=./string/../sysdeps/x86_64/multiarch/strncpy.c
fn=strncpy
29 3
fl=./string/../sysdeps/x86_64/multiarch/strnlen.c
fn=strnlen
31 6
fl=./string/../sysdeps/x86_64/multiarch/strpbrk.c
fn=strpbrk
29 2
fl=./string/../sysdeps/x86_64/multiarch/strrchr-avx2.S
fn=__strrchr_avx2
53 1
54 1
55 1
57 1
58 1
62 1
63 1
64 1
67 1
69 1
70 1
71 1
72 1
75 1
76 1
78 1
79 1
80 1
81 1
82 1
91 2
fl=./string/../sysdeps/x86_64/multiarch/strrchr.c
fn=rindex
28 3
fl=./string/../sysdeps/x86_64/multiarch/strspn.c
fn=strspn
29 2
fl=./string/./string/strdup.c
fn=strdup
40 48
41 16
42 2
44 16
47 28
48 25
fl=./termios/../sysdeps/unix/sysv/linux/tcgetattr.c
fn=tcgetattr
34 8
38 11
77 6
fl=./time/../bits/byteswap.h
fn=__tzfile_read
52 36
73 472
fl=./time/../include/alloc_buffer.h
fn=__tzfile_read
129 5
fl=./time/../include/stdio.h
fn=__tzfile_read
341 156
fl=./time/../string/bits/string_fortified.h
fn=__strftime_internal
29 42
59 12
fn=__tzstring_len
29 41
fl=./time/../sysdeps/unix/sysv/linux/clock_gettime.c
fn=clock_gettime@@GLIBC_2.17
30 13
38 26
40 26
44 26
68 26
69 26
fl=./time/./time/localtime.c
fn=localtime_r
29 2
30 3
fl=./time/./time/offtime.c
fn=__offtime
30 10
34 7
35 2
37 2
42 2
47 8
48 2
49 5
50 6
52 13
54 2
55 1
60 17
63 15
66 6
67 39
68 39
69 1
71 2
72 4
78 1
79 3
80 54
82 1
83 1
84 2
85 1
86 7
fl=./time/./time/strftime.c
fn=strftime
24 2
25 6
fl=./time/./time/strftime_l.c
fn=__strftime_internal
466 34
468 8
471 2
524 8
539 4
549 4
550 2
555 56
557 7
567 7
569 7
570 7
653 24
655 52
664 70
688 28
708 42
722 63
744 1
936 7
955 12
979 8
982 21
984 18
988 167
989 64
993 14
996 14
998 14
999 14
1001 14
1003 4
1005 6
1015 6
1018 4
1027 8
1028 8
1029 2
1030 2
1035 140
1036 7
1048 7
1078 7
1084 9
1131 7
1284 9
1368 4
1374 2
1421 2
1423 16
1424 3
1429 4
1430 10
1451 8
1452 4
1454 24
fn=strftime_l
446 14
454 2
455 8
457 10
fl=./time/./time/tzfile.c
fn=__tzfile_compute
586 13
589 2
591 3
594 6
624 3
660 1
661 1
668 5
669 2
671 3
672 3
674 4
677 2
681 1
711 1
712 13
714 3
717 4
718 1
720 2
722 6
724 5
731 3
734 4
737 6
738 3
739 4
741 2
748 2
751 3
752 7
753 2
754 2
758 5
759 2
762 2
764 2
766 1
783 8
fn=__tzfile_read
107 14
114 1
116 1
121 1
123 2
126 4
135 4
145 2
159 2
167 4
168 2
172 7
175 2
176 1
179 2
180 2
181 2
184 4
187 14
189 4
192 4
193 4
194 4
195 4
196 2
197 2
199 10
202 6
208 7
209 2
214 5
225 4
226 5
227 2
228 3
229 2
231 1
234 6
235 3
237 1
238 2
241 5
243 1
244 5
274 6
276 3
280 3
281 2
283 2
288 6
289 6
290 6
291 6
292 6
293 4
294 8
297 2
299 3
302 8
305 7
311 713
312 708
315 4
323 1
329 710
330 236
333 19
337 48
342 12
344 18
346 18
349 12
350 6
353 10
356 2
372 22
377 18
379 4
382 22
387 12
389 4
393 2
395 2
397 2
398 9
402 3
406 4
409 2
412 22
413 36
419 3
421 7
423 4
424 8
426 4
430 8
432 11
436 2
443 2
444 2
446 2
447 3
449 1
452 2
456 2
458 9
460 2
461 5
465 1
470 15
471 3
474 2
475 5
478 1
479 2
480 1
488 11
fl=./time/./time/tzset.c
fn=__tz_convert
568 14
572 3
577 8
579 3
580 7
592 4
594 2
596 2
603 7
604 2
610 11
fn=__tzstring
120 60
121 40
122 20
fn=__tzstring_len
83 100
89 84
90 69
92 87
93 138
98 24
99 14
102 5
103 5
104 5
105 5
108 4
110 2
113 90
fn=tzset_internal
368 4
372 3
374 1
377 3
378 2
397 1
398 1
401 2
402 4
405 4
406 3
424 4
fl=./wcsmbs/../sysdeps/x86_64/multiarch/ifunc-avx2.h
fn=wcschr
38 8
40 6
41 4
42 6
45 4
46 4
49 6
52 12
fn=wcscmp
38 4
40 3
41 2
42 3
45 2
46 2
49 3
52 6
fl=./wcsmbs/../sysdeps/x86_64/multiarch/ifunc-evex.h
fn=wmemchr
37 8
38 6
39 6
42 4
43 4
45 4
51 6
54 8
fl=./wcsmbs/../sysdeps/x86_64/multiarch/ifunc-memcmp.h
fn=wmemcmp
34 5
35 2
36 2
37 3
40 2
41 2
44 3
47 4
fl=./wcsmbs/../sysdeps/x86_64/multiarch/ifunc-wcs.h
fn=wcpncpy
39 4
40 3
41 3
44 2
45 3
48 4
fn=wcscat
39 4
40 3
41 3
44 2
45 3
48 4
fn=wcsncpy
39 4
40 3
41 3
44 2
45 3
48 4
fl=./wcsmbs/../sysdeps/x86_64/multiarch/ifunc-wcslen.h
fn=wcslen
40 4
41 2
42 3
45 2
46 2
49 3
52 3
fn=wcsnlen
40 4
41 2
42 3
45 2
46 2
49 3
52 3
fl=./wcsmbs/../sysdeps/x86_64/multiarch/ifunc-wmemset.h
fn=wmemset
36 10
37 6
fl=./wcsmbs/../sysdeps/x86_64/multiarch/wcpcpy.c
fn=wcpncpy
31 1
fl=./wcsmbs/../sysdeps/x86_64/multiarch/wcpncpy.c
fn=wcpncpy
31 1
fl=./wcsmbs/../sysdeps/x86_64/multiarch/wcscat.c
fn=wcscat
31 2
fn=wcschr
31 2
fl=./wcsmbs/../sysdeps/x86_64/multiarch/wcschr.c
fn=wcschr
31 4
fl=./wcsmbs/../sysdeps/x86_64/multiarch/wcscmp.c
fn=wcscmp
30 3
fl=./wcsmbs/../sysdeps/x86_64/multiarch/wcscpy.c
fn=wcscpy
42 4
43 2
44 3
46 2
47 3
50 3
60 2
fl=./wcsmbs/../sysdeps/x86_64/multiarch/wcslen.c
fn=wcslen
29 3
fl=./wcsmbs/../sysdeps/x86_64/multiarch/wcsncpy.c
fn=wcsncpy
31 2
fl=./wcsmbs/../sysdeps/x86_64/multiarch/wcsnlen.c
fn=wcsnlen
30 3
fl=./wcsmbs/../sysdeps/x86_64/multiarch/wmemchr.c
fn=wmemchr
31 4
fl=./wcsmbs/../sysdeps/x86_64/multiarch/wmemcmp.c
fn=wmemcmp
29 4
fl=./wcsmbs/../sysdeps/x86_64/multiarch/wmemset.c
fn=wmemset
31 4
fl=./wcsmbs/./wcsmbs/btowc.c
fn=btowc
32 2560
37 1792
42 512
46 384
47 256
48 256
52 512
55 1152
94 1792
fl=./wcsmbs/./wcsmbs/wctob.c
fn=wctob
30 1280
39 384
44 256
45 128
79 1152
fl=./wcsmbs/./wcsmbsload.h
fn=btowc
69 128
70 384
fl=./wctype/./wctype/wctype_l.c
fn=wctype_l
26 110
29 20
32 30
33 68
35 174
37 410
40 48
41 96
45 20
46 10
47 80
fl=???
fn=(below main)
0 12
fn=???
0 256851
fn=BM_ECS_LinearScan(benchmark::State&)
0 553102568
fn=_GLOBAL__sub_I__Z14MovementSystemR16ComponentManager
0 121
fn=__cpu_indicator_init
0 367
fn=__cxa_get_globals
0 568
fn=__cxa_guard_acquire
0 126
fn=__cxa_guard_release
0 36
fn=__dynamic_cast
0 49
fn=__gnu_cxx::stdio_sync_filebuf<char, std::char_traits<char> >::sync()
0 447
fn=__gnu_cxx::stdio_sync_filebuf<char, std::char_traits<char> >::xsputn(char const*, long)
0 462
fn=__gnu_cxx::stdio_sync_filebuf<wchar_t, std::char_traits<wchar_t> >::sync()
0 15
fn=__popcountdi2
0 84
fn=benchmark::BenchmarkName::str[abi:cxx11]() const
0 1972
fn=benchmark::BenchmarkReporter::BenchmarkReporter()
0 9
fn=benchmark::BenchmarkReporter::Context::Context()
0 13
fn=benchmark::BenchmarkReporter::PrintBasicContext(std::ostream*, benchmark::BenchmarkReporter::Context const&)
0 425
fn=benchmark::BenchmarkReporter::Run::GetAdjustedCPUTime() const
0 12
fn=benchmark::BenchmarkReporter::Run::GetAdjustedRealTime() const
0 12
fn=benchmark::BenchmarkReporter::Run::benchmark_name[abi:cxx11]() const
0 27
fn=benchmark::BenchmarkReporter::~BenchmarkReporter()
0 2
fn=benchmark::BoolFromEnv(char const*, bool)
0 190
fn=benchmark::CPUInfo::CPUInfo()
0 63
fn=benchmark::CPUInfo::Get()
0 31
fn=benchmark::ComputeStats(std::vector<benchmark::BenchmarkReporter::Run, std::allocator<benchmark::BenchmarkReporter::Run> > const&)
0 50
fn=benchmark::ConsoleReporter::PrintHeader(benchmark::BenchmarkReporter::Run const&)
0 88
fn=benchmark::ConsoleReporter::PrintRunData(benchmark::BenchmarkReporter::Run const&)
0 177
fn=benchmark::ConsoleReporter::ReportContext(benchmark::BenchmarkReporter::Context const&)
0 25
fn=benchmark::ConsoleReporter::ReportRuns(std::vector<benchmark::BenchmarkReporter::Run, std::allocator<benchmark::BenchmarkReporter::Run> > const&)
0 49
fn=benchmark::CreateDefaultDisplayReporter()
0 37
fn=benchmark::DoubleFromEnv(char const*, double)
0 41
fn=benchmark::GetDefaultTimeUnit()
0 51
fn=benchmark::HumanReadableNumber[abi:cxx11](double, benchmark::Counter::OneK)
0 246
fn=benchmark::Initialize(int*, char**, void (*)())
0 164
fn=benchmark::Int32FromEnv(char const*, int)
0 77
fn=benchmark::KvPairsFromEnv(char const*, std::map<std::__cxx11::basic_string<char, std::char_traits<char>, std::allocator<char> >, std::__cxx11::basic_string<char, std::char_traits<char>, std::allocator<char> >, std::less<std::__cxx11::basic_string<char, std::char_traits<char>, std::allocator<char> > >, std::allocator<std::pair<std::__cxx11::basic_string<char, std::char_traits<char>, std::allocator<char> > const, std::__cxx11::basic_string<char, std::char_traits<char>, std::allocator<char> > > > >)
0 51
fn=benchmark::ParseBoolFlag(char const*, char const*, bool*)
0 56
fn=benchmark::ParseStringFlag(char const*, char const*, std::__cxx11::basic_string<char, std::char_traits<char>, std::allocator<char> >*)
0 66
fn=benchmark::ReportUnrecognizedArguments(int, char**)
0 22
fn=benchmark::RunSpecifiedBenchmarks()
0 36
fn=benchmark::RunSpecifiedBenchmarks(benchmark::BenchmarkReporter*, benchmark::BenchmarkReporter*, std::__cxx11::basic_string<char, std::char_traits<char>, std::allocator<char> >)
0 4952
fn=benchmark::Shutdown()
0 11
fn=benchmark::State::FinishKeepRunning()
0 186
fn=benchmark::State::PauseTiming()
0 219
fn=benchmark::State::ResumeTiming()
0 159
fn=benchmark::State::StartKeepRunning()
0 210
fn=benchmark::State::State(std::__cxx11::basic_string<char, std::char_traits<char>, std::allocator<char> >, long, std::vector<long, std::allocator<long> > const&, int, int, benchmark::internal::ThreadTimer*, benchmark::internal::ThreadManager*, benchmark::internal::PerfCountersMeasurement*)
0 381
fn=benchmark::StrFormat[abi:cxx11](char const*, ...)
0 489
fn=benchmark::StrSplit(std::__cxx11::basic_string<char, std::char_traits<char>, std::allocator<char> > const&, char)
0 30
fn=benchmark::StringFromEnv(char const*, char const*)
0 262
fn=benchmark::SystemInfo::Get()
0 31
fn=benchmark::SystemInfo::SystemInfo()
0 33
fn=benchmark::internal::Benchmark::Arg(long)
0 560
fn=benchmark::internal::Benchmark::ArgsCnt() const
0 200
fn=benchmark::internal::Benchmark::Benchmark(std::__cxx11::basic_string<char, std::char_traits<char>, std::allocator<char> > const&)
0 448
fn=benchmark::internal::Benchmark::ComputeStatistics(std::__cxx11::basic_string<char, std::char_traits<char>, std::allocator<char> > const&, double (*)(std::vector<double, std::allocator<double> > const&), benchmark::StatisticUnit)
0 1580
fn=benchmark::internal::Benchmark::GetTimeUnit() const
0 48
fn=benchmark::internal::Benchmark::~Benchmark()
0 396
fn=benchmark::internal::GetGlobalContext[abi:cxx11]()
0 3
fn=benchmark::internal::GetOutputOptions(bool)
0 121
fn=benchmark::internal::InitializeStreams()
0 129
fn=benchmark::internal::ParseBenchMinTime(std::__cxx11::basic_string<char, std::char_traits<char>, std::allocator<char> > const&)
0 58
fn=benchmark::internal::PerfCounters::CloseCounters() const
0 4
fn=benchmark::internal::PerfCounters::Create(std::vector<std::__cxx11::basic_string<char, std::char_traits<char>, std::allocator<char> >, std::allocator<std::__cxx11::basic_string<char, std::char_traits<char>, std::allocator<char> > > > const&)
0 20
fn=benchmark::internal::PerfCounters::operator=(benchmark::internal::PerfCounters&&)
0 52
fn=benchmark::internal::PerfCountersMeasurement::PerfCountersMeasurement(std::vector<std::__cxx11::basic_string<char, std::char_traits<char>, std::allocator<char> >, std::allocator<std::__cxx11::basic_string<char, std::char_traits<char>, std::allocator<char> > > > const&)
0 65
fn=benchmark::internal::RegisterBenchmarkInternal(benchmark::internal::Benchmark*)
0 303
fn=main
0 34
fn=operator delete(void*)
0 1152
fn=operator delete(void*, unsigned long)
0 416
fn=operator delete[](void*)
0 38
fn=operator new(unsigned long)
0 9296
fn=operator new[](unsigned long)
0 38
fn=std::_Rb_tree<std::__cxx11::basic_string<char, std::char_traits<char>, std::allocator<char> >, std::pair<std::__cxx11::basic_string<char, std::char_traits<char>, std::allocator<char> > const, benchmark::Counter>, std::_Select1st<std::pair<std::__cxx11::basic_string<char, std::char_traits<char>, std::allocator<char> > const, benchmark::Counter> >, std::less<std::__cxx11::basic_string<char, std::char_traits<char>, std::allocator<char> > >, std::allocator<std::pair<std::__cxx11::basic_string<char, std::char_traits<char>, std::allocator<char> > const, benchmark::Counter> > >::_M_get_insert_unique_pos(std::__cxx11::basic_string<char, std::char_traits<char>, std::allocator<char> > const&)
0 90
fn=std::_Rb_tree_increment(std::_Rb_tree_node_base const*)
0 64
fn=std::_Rb_tree_increment(std::_Rb_tree_node_base*)
0 16
fn=std::_Rb_tree_insert_and_rebalance(bool, std::_Rb_tree_node_base*, std::_Rb_tree_node_base*, std::_Rb_tree_node_base&)
0 96
fn=std::_Rb_tree_iterator<std::pair<std::__cxx11::basic_string<char, std::char_traits<char>, std::allocator<char> > const, benchmark::Counter> > std::_Rb_tree<std::__cxx11::basic_string<char, std::char_traits<char>, std::allocator<char> >, std::pair<std::__cxx11::basic_string<char, std::char_traits<char>, std::allocator<char> > const, benchmark::Counter>, std::_Select1st<std::pair<std::__cxx11::basic_string<char, std::char_traits<char>, std::allocator<char> > const, benchmark::Counter> >, std::less<std::__cxx11::basic_string<char, std::char_traits<char>, std::allocator<char> > >, std::allocator<std::pair<std::__cxx11::basic_string<char, std::char_traits<char>, std::allocator<char> > const, benchmark::Counter> > >::_M_emplace_hint_unique<std::piecewise_construct_t const&, std::tuple<std::__cxx11::basic_string<char, std::char_traits<char>, std::allocator<char> >&&>, std::tuple<> >(std::_Rb_tree_const_iterator<std::pair<std::__cxx11::basic_string<char, std::char_traits<char>, std::allocator<char> > const, benchmark::Counter> >, std::piecewise_construct_t const&, std::tuple<std::__cxx11::basic_string<char, std::char_traits<char>, std::allocator<char> >&&>&&, std::tuple<>&&)
0 213
fn=std::__basic_file<char>::__basic_file(pthread_mutex_t*)
0 88
fn=std::__basic_file<char>::close()
0 666
fn=std::__basic_file<char>::fd()
0 75
fn=std::__basic_file<char>::is_open() const
0 592
fn=std::__basic_file<char>::open(char const*, std::_Ios_Openmode, int)
0 670
fn=std::__basic_file<char>::xsgetn(char*, long)
0 675
fn=std::__basic_file<char>::~__basic_file()
0 132
fn=std::__cxx11::basic_string<char, std::char_traits<char>, std::allocator<char> >::_M_append(char const*, unsigned long)
0 14892
fn=std::__cxx11::basic_string<char, std::char_traits<char>, std::allocator<char> >::_M_assign(std::__cxx11::basic_string<char, std::char_traits<char>, std::allocator<char> > const&)
0 2618
fn=std::__cxx11::basic_string<char, std::char_traits<char>, std::allocator<char> >::_M_construct(unsigned long, char)
0 35
fn=std::__cxx11::basic_string<char, std::char_traits<char>, std::allocator<char> >::_M_create(unsigned long&, unsigned long)
0 2712
fn=std::__cxx11::basic_string<char, std::char_traits<char>, std::allocator<char> >::_M_dispose()
0 291
fn=std::__cxx11::basic_string<char, std::char_traits<char>, std::allocator<char> >::_M_mutate(unsigned long, unsigned long, char const*, unsigned long)
0 3369
fn=std::__cxx11::basic_string<char, std::char_traits<char>, std::allocator<char> >::_M_replace(unsigned long, unsigned long, char const*, unsigned long)
0 2526
fn=std::__cxx11::basic_string<char, std::char_traits<char>, std::allocator<char> >::_M_replace_aux(unsigned long, unsigned long, unsigned long, char)
0 1350
fn=std::__cxx11::basic_string<char, std::char_traits<char>, std::allocator<char> >::append(char const*)
0 20
fn=std::__cxx11::basic_string<char, std::char_traits<char>, std::allocator<char> >::basic_string(char const*, std::allocator<char> const&)
0 520
fn=std::__cxx11::basic_string<char, std::char_traits<char>, std::allocator<char> >::basic_string(std::__cxx11::basic_string<char, std::char_traits<char>, std::allocator<char> > const&)
0 72
fn=std::__cxx11::basic_string<char, std::char_traits<char>, std::allocator<char> >::basic_string(std::__cxx11::basic_string<char, std::char_traits<char>, std::allocator<char> >&&)
0 136
fn=std::__cxx11::basic_string<char, std::char_traits<char>, std::allocator<char> >::basic_string<std::allocator<char> >(char const*, std::allocator<char> const&) [clone .constprop.1]
0 140
fn=std::__cxx11::basic_string<char, std::char_traits<char>, std::allocator<char> >::find(char, unsigned long) const
0 7872
fn=std::__cxx11::basic_string<char, std::char_traits<char>, std::allocator<char> >::operator=(std::__cxx11::basic_string<char, std::char_traits<char>, std::allocator<char> >&&)
0 11799
fn=std::__cxx11::basic_string<char, std::char_traits<char>, std::allocator<char> >::push_back(char)
0 476
fn=std::__cxx11::basic_string<char, std::char_traits<char>, std::allocator<char> >::reserve(unsigned long)
0 1728
fn=std::__cxx11::basic_string<char, std::char_traits<char>, std::allocator<char> >::rfind(char const*, unsigned long, unsigned long) const
0 456
fn=std::__cxx11::basic_string<char, std::char_traits<char>, std::allocator<char> >::swap(std::__cxx11::basic_string<char, std::char_traits<char>, std::allocator<char> >&)
0 1173
fn=std::__cxx11::basic_string<char, std::char_traits<char>, std::allocator<char> >::~basic_string()
0 49
fn=std::__cxx11::basic_stringbuf<char, std::char_traits<char>, std::allocator<char> >::_M_pbump(char*, char*, long)
0 658
fn=std::__cxx11::basic_stringbuf<char, std::char_traits<char>, std::allocator<char> >::_M_sync(char*, unsigned long, unsigned long)
0 805
fn=std::__cxx11::basic_stringbuf<char, std::char_traits<char>, std::allocator<char> >::overflow(int)
0 3539
fn=std::__cxx11::basic_stringbuf<char, std::char_traits<char>, std::allocator<char> >::str() const
0 29
fn=std::__cxx11::messages<char>::messages(unsigned long)
0 21
fn=std::__cxx11::messages<wchar_t>::messages(unsigned long)
0 21
fn=std::__cxx11::moneypunct<char, false>::_M_initialize_moneypunct(__locale_struct*, char const*)
0 114
fn=std::__cxx11::moneypunct<char, true>::_M_initialize_moneypunct(__locale_struct*, char const*)
0 115
fn=std::__cxx11::moneypunct<wchar_t, false>::_M_initialize_moneypunct(__locale_struct*, char const*)
0 109
fn=std::__cxx11::moneypunct<wchar_t, true>::_M_initialize_moneypunct(__locale_struct*, char const*)
0 109
fn=std::__cxx11::numpunct<char>::_M_initialize_numpunct(__locale_struct*)
0 417
fn=std::__cxx11::numpunct<wchar_t>::_M_initialize_numpunct(__locale_struct*)
0 353
fn=std::__num_base::_S_format_float(std::ios_base const&, char*, char)
0 60
fn=std::__timepunct<char>::_M_initialize_timepunct(__locale_struct*)
0 132
fn=std::__timepunct<char>::__timepunct(std::__timepunct_cache<char>*, unsigned long)
0 24
fn=std::__timepunct<wchar_t>::_M_initialize_timepunct(__locale_struct*)
0 129
fn=std::__timepunct<wchar_t>::__timepunct(std::__timepunct_cache<wchar_t>*, unsigned long)
0 24
fn=std::basic_filebuf<char, std::char_traits<char> >::_M_allocate_internal_buffer()
0 342
fn=std::basic_filebuf<char, std::char_traits<char> >::_M_destroy_internal_buffer()
0 456
fn=std::basic_filebuf<char, std::char_traits<char> >::_M_terminate_output()
0 570
fn=std::basic_filebuf<char, std::char_traits<char> >::basic_filebuf()
0 1100
fn=std::basic_filebuf<char, std::char_traits<char> >::close()
0 1096
fn=std::basic_filebuf<char, std::char_traits<char> >::open(char const*, std::_Ios_Openmode)
0 993
fn=std::basic_filebuf<char, std::char_traits<char> >::underflow()
0 1697
fn=std::basic_ifstream<char, std::char_traits<char> >::basic_ifstream(char const*, std::_Ios_Openmode)
0 60
fn=std::basic_ifstream<char, std::char_traits<char> >::~basic_ifstream()
0 33
fn=std::basic_ios<char, std::char_traits<char> >::_M_cache_locale(std::locale const&)
0 3104
fn=std::basic_ios<char, std::char_traits<char> >::clear(std::_Ios_Iostate)
0 154
fn=std::basic_ios<char, std::char_traits<char> >::init(std::basic_streambuf<char, std::char_traits<char> >*)
0 2328
fn=std::basic_ios<wchar_t, std::char_traits<wchar_t> >::_M_cache_locale(std::locale const&)
0 128
fn=std::basic_ios<wchar_t, std::char_traits<wchar_t> >::init(std::basic_streambuf<wchar_t, std::char_traits<wchar_t> >*)
0 96
fn=std::basic_istream<char, std::char_traits<char> >& std::getline<char, std::char_traits<char>, std::allocator<char> >(std::basic_istream<char, std::char_traits<char> >&, std::__cxx11::basic_string<char, std::char_traits<char>, std::allocator<char> >&, char)
0 34845
fn=std::basic_istream<char, std::char_traits<char> >& std::operator>><char, std::char_traits<char>, std::allocator<char> >(std::basic_istream<char, std::char_traits<char> >&, std::__cxx11::basic_string<char, std::char_traits<char>, std::allocator<char> >&)
0 1845
fn=std::basic_ostream<char, std::char_traits<char> >& std::__ostream_insert<char, std::char_traits<char> >(std::basic_ostream<char, std::char_traits<char> >&, char const*, long)
0 7018
fn=std::basic_ostream<char, std::char_traits<char> >& std::operator<< <std::char_traits<char> >(std::basic_ostream<char, std::char_traits<char> >&, char const*)
0 160
fn=std::basic_ostream<wchar_t, std::char_traits<wchar_t> >::flush()
0 174
fn=std::basic_ostream<wchar_t, std::char_traits<wchar_t> >::sentry::sentry(std::basic_ostream<wchar_t, std::char_traits<wchar_t> >&)
0 97
fn=std::basic_streambuf<char, std::char_traits<char> >::xsputn(char const*, long)
0 3581
fn=std::chrono::_V2::steady_clock::now()
0 96
fn=std::chrono::_V2::system_clock::now()
0 16
fn=std::codecvt<char, char, __mbstate_t>::codecvt(unsigned long)
0 19
fn=std::codecvt<char, char, __mbstate_t>::do_always_noconv() const
0 75
fn=std::codecvt<wchar_t, char, __mbstate_t>::codecvt(unsigned long)
0 19
fn=std::condition_variable::condition_variable()
0 36
fn=std::condition_variable::notify_all()
0 18
fn=std::condition_variable::~condition_variable()
0 12
fn=std::ctype<char>::_M_widen_init() const
0 754
fn=std::ctype<char>::ctype(unsigned short const*, bool, unsigned long)
0 121
fn=std::ctype<char>::do_narrow(char, char) const
0 66
fn=std::ctype<char>::do_widen(char) const
0 3
fn=std::ctype<wchar_t>::_M_convert_to_wmask(unsigned short) const
0 146
fn=std::ctype<wchar_t>::_M_initialize_ctype()
0 2736
fn=std::ctype<wchar_t>::ctype(unsigned long)
0 21
fn=std::error_category::error_category()
0 10
fn=std::error_category::~error_category()
0 4
fn=std::future_category()
0 3
fn=std::ios_base::Init::Init()
0 298
fn=std::ios_base::Init::~Init()
0 37
fn=std::ios_base::_M_call_callbacks(std::ios_base::event)
0 736
fn=std::ios_base::_M_dispose_callbacks()
0 828
fn=std::ios_base::_M_init()
0 2828
fn=std::ios_base::ios_base()
0 3240
fn=std::ios_base::~ios_base()
0 966
fn=std::istream& std::istream::_M_extract<long>(long&)
0 52
fn=std::istream::operator>>(int&)
0 472
fn=std::istream::sentry::sentry(std::istream&, bool)
0 11017
fn=std::istreambuf_iterator<char, std::char_traits<char> > std::num_get<char, std::istreambuf_iterator<char, std::char_traits<char> > >::_M_extract_int<long>(std::istreambuf_iterator<char, std::char_traits<char> >, std::istreambuf_iterator<char, std::char_traits<char> >, std::ios_base&, std::_Ios_Iostate&, long&) const
0 2289
fn=std::locale::_Impl::_Impl(unsigned long)
0 673
fn=std::locale::_Impl::_M_install_facet(std::locale::id const*, std::locale::facet const*)
0 12192
fn=std::locale::facet::_S_create_c_locale(__locale_struct*&, char const*, __locale_struct*)
0 14
fn=std::locale::facet::_S_get_c_locale()
0 240
fn=std::locale::facet::_S_get_c_name()
0 21
fn=std::locale::id::_M_id() const
0 3036
fn=std::locale::locale()
0 4620
fn=std::locale::locale(std::locale const&)
0 119
fn=std::locale::locale(std::locale::_Impl*)
0 3
fn=std::locale::operator=(std::locale const&)
0 2392
fn=std::locale::~locale()
0 2556
fn=std::mersenne_twister_engine<unsigned long, 32ul, 624ul, 397ul, 31ul, 2567483615ul, 11ul, 4294967295ul, 7ul, 2636928640ul, 15ul, 4022730752ul, 18ul, 1812433253ul>::_M_gen_rand()
0 42086442
fn=std::messages<char>::messages(unsigned long)
0 21
fn=std::messages<wchar_t>::messages(unsigned long)
0 21
fn=std::moneypunct<char, false>::_M_initialize_moneypunct(__locale_struct*, char const*)
0 114
fn=std::moneypunct<char, true>::_M_initialize_moneypunct(__locale_struct*, char const*)
0 115
fn=std::moneypunct<wchar_t, false>::_M_initialize_moneypunct(__locale_struct*, char const*)
0 109
fn=std::moneypunct<wchar_t, true>::_M_initialize_moneypunct(__locale_struct*, char const*)
0 109
fn=std::num_get<char, std::istreambuf_iterator<char, std::char_traits<char> > >::do_get(std::istreambuf_iterator<char, std::char_traits<char> >, std::istreambuf_iterator<char, std::char_traits<char> >, std::ios_base&, std::_Ios_Iostate&, long&) const
0 18
fn=std::num_put<char, std::ostreambuf_iterator<char, std::char_traits<char> > >::do_put(std::ostreambuf_iterator<char, std::char_traits<char> >, std::ios_base&, char, double) const
0 8
fn=std::num_put<char, std::ostreambuf_iterator<char, std::char_traits<char> > >::do_put(std::ostreambuf_iterator<char, std::char_traits<char> >, std::ios_base&, char, long) const
0 57
fn=std::numpunct<char>::_M_initialize_numpunct(__locale_struct*)
0 417
fn=std::numpunct<wchar_t>::_M_initialize_numpunct(__locale_struct*)
0 353
fn=std::ostream& std::ostream::_M_insert<double>(double)
0 138
fn=std::ostream& std::ostream::_M_insert<long>(long)
0 1330
fn=std::ostream::flush()
0 3279
fn=std::ostream::operator<<(int)
0 209
fn=std::ostream::sentry::sentry(std::ostream&)
0 5338
fn=std::ostreambuf_iterator<char, std::char_traits<char> > std::num_put<char, std::ostreambuf_iterator<char, std::char_traits<char> > >::_M_insert_float<double>(std::ostreambuf_iterator<char, std::char_traits<char> >, std::ios_base&, char, char, double) const
0 294
fn=std::ostreambuf_iterator<char, std::char_traits<char> > std::num_put<char, std::ostreambuf_iterator<char, std::char_traits<char> > >::_M_insert_int<long>(std::ostreambuf_iterator<char, std::char_traits<char> >, std::ios_base&, char, long) const
0 1754
fn=std::uncaught_exception()
0 639
fn=void std::__cxx11::basic_string<char, std::char_traits<char>, std::allocator<char> >::_M_construct<char const*>(char const*, char const*, std::forward_iterator_tag)
0 988
fn=void std::__cxx11::basic_string<char, std::char_traits<char>, std::allocator<char> >::_M_construct<char*>(char*, char*, std::forward_iterator_tag)
0 360
summary: 613395696
